[DEBUG] [2021-06-04 09:34] testDataSource()
[DEBUG] [2021-06-04 09:34] DataSource HikariDataSource (HikariPool-1)
[DEBUG] [2021-06-04 09:34] LoginTimeout30
[DEBUG] [2021-06-04 09:35] testDataSource()
[DEBUG] [2021-06-04 09:35] DataSource HikariDataSource (HikariPool-1)
[DEBUG] [2021-06-04 09:35] LoginTimeout30
[DEBUG] [2021-06-04 09:35] testOpenSession()
[DEBUG] [2021-06-04 09:35] session org.apache.ibatis.session.defaults.DefaultSqlSession@5e182cd9
[DEBUG] [2021-06-04 09:35] test01SelectCourseByCondition()
[DEBUG] [2021-06-04 09:35] ==>  Preparing: select course_id, name, description, start_date, end_date, tutor_id from courses WHERE tutor_id = ?
[DEBUG] [2021-06-04 09:35] ==> Parameters: 1(Integer)
[TRACE] [2021-06-04 09:35] <==    Columns: course_id, name, description, start_date, end_date, tutor_id
[TRACE] [2021-06-04 09:35] <==        Row: 1, Quickstart Core Java, Core Java Programming, 2013-04-01, 2013-05-15, 1
[TRACE] [2021-06-04 09:35] <==        Row: 2, Quickstart JavaEE6, Enterprise App Development using JavaEE6, 2013-04-01, 2013-08-30, 1
[DEBUG] [2021-06-04 09:35] <==      Total: 2
[DEBUG] [2021-06-04 09:35] test02SelectCourseByCondition()
[DEBUG] [2021-06-04 09:35] ==>  Preparing: select course_id, name, description, start_date, end_date, tutor_id from courses WHERE name like ?
[DEBUG] [2021-06-04 09:35] ==> Parameters: %Java%(String)
[TRACE] [2021-06-04 09:35] <==    Columns: course_id, name, description, start_date, end_date, tutor_id
[TRACE] [2021-06-04 09:35] <==        Row: 1, Quickstart Core Java, Core Java Programming, 2013-04-01, 2013-05-15, 1
[TRACE] [2021-06-04 09:35] <==        Row: 2, Quickstart JavaEE6, Enterprise App Development using JavaEE6, 2013-04-01, 2013-08-30, 1
[DEBUG] [2021-06-04 09:35] <==      Total: 2
[DEBUG] [2021-06-04 09:35] test03SelectCourseByCondition()
[DEBUG] [2021-06-04 09:35] ==>  Preparing: select course_id, name, description, start_date, end_date, tutor_id from courses WHERE start_date >= ?
[DEBUG] [2021-06-04 09:35] ==> Parameters: 2013-02-01 00:00:00.0(Timestamp)
[TRACE] [2021-06-04 09:35] <==    Columns: course_id, name, description, start_date, end_date, tutor_id
[TRACE] [2021-06-04 09:35] <==        Row: 1, Quickstart Core Java, Core Java Programming, 2013-04-01, 2013-05-15, 1
[TRACE] [2021-06-04 09:35] <==        Row: 2, Quickstart JavaEE6, Enterprise App Development using JavaEE6, 2013-04-01, 2013-08-30, 1
[TRACE] [2021-06-04 09:35] <==        Row: 3, MyBatis3 Premier, MyBatis 3 framework, 2013-06-01, 2013-07-15, 2
[DEBUG] [2021-06-04 09:35] <==      Total: 3
[DEBUG] [2021-06-04 09:35] test04SelectCaseCourses()
[DEBUG] [2021-06-04 09:35] ==>  Preparing: select course_id, name, description, start_date, end_date, tutor_id from courses where tutor_id = ?
[DEBUG] [2021-06-04 09:35] ==> Parameters: 1(Integer)
[TRACE] [2021-06-04 09:35] <==    Columns: course_id, name, description, start_date, end_date, tutor_id
[TRACE] [2021-06-04 09:35] <==        Row: 1, Quickstart Core Java, Core Java Programming, 2013-04-01, 2013-05-15, 1
[TRACE] [2021-06-04 09:35] <==        Row: 2, Quickstart JavaEE6, Enterprise App Development using JavaEE6, 2013-04-01, 2013-08-30, 1
[DEBUG] [2021-06-04 09:35] <==      Total: 2
[DEBUG] [2021-06-04 09:35] ==>  Preparing: select course_id, name, description, start_date, end_date, tutor_id from courses where name like ?
[DEBUG] [2021-06-04 09:35] ==> Parameters: %Java%(String)
[TRACE] [2021-06-04 09:35] <==    Columns: course_id, name, description, start_date, end_date, tutor_id
[TRACE] [2021-06-04 09:35] <==        Row: 1, Quickstart Core Java, Core Java Programming, 2013-04-01, 2013-05-15, 1
[TRACE] [2021-06-04 09:35] <==        Row: 2, Quickstart JavaEE6, Enterprise App Development using JavaEE6, 2013-04-01, 2013-08-30, 1
[DEBUG] [2021-06-04 09:35] <==      Total: 2
[DEBUG] [2021-06-04 09:35] test05SelectWhereCourses()
[DEBUG] [2021-06-04 09:35] ==>  Preparing: select course_id, name, description, start_date, end_date, tutor_id from courses
[DEBUG] [2021-06-04 09:35] ==> Parameters: 
[TRACE] [2021-06-04 09:35] <==    Columns: course_id, name, description, start_date, end_date, tutor_id
[TRACE] [2021-06-04 09:35] <==        Row: 1, Quickstart Core Java, Core Java Programming, 2013-04-01, 2013-05-15, 1
[TRACE] [2021-06-04 09:35] <==        Row: 2, Quickstart JavaEE6, Enterprise App Development using JavaEE6, 2013-04-01, 2013-08-30, 1
[TRACE] [2021-06-04 09:35] <==        Row: 3, MyBatis3 Premier, MyBatis 3 framework, 2013-06-01, 2013-07-15, 2
[DEBUG] [2021-06-04 09:35] <==      Total: 3
[DEBUG] [2021-06-04 09:35] ==>  Preparing: select course_id, name, description, start_date, end_date, tutor_id from courses WHERE tutor_id = ?
[DEBUG] [2021-06-04 09:35] ==> Parameters: 1(Integer)
[TRACE] [2021-06-04 09:35] <==    Columns: course_id, name, description, start_date, end_date, tutor_id
[TRACE] [2021-06-04 09:35] <==        Row: 1, Quickstart Core Java, Core Java Programming, 2013-04-01, 2013-05-15, 1
[TRACE] [2021-06-04 09:35] <==        Row: 2, Quickstart JavaEE6, Enterprise App Development using JavaEE6, 2013-04-01, 2013-08-30, 1
[DEBUG] [2021-06-04 09:35] <==      Total: 2
[DEBUG] [2021-06-04 09:35] ==>  Preparing: select course_id, name, description, start_date, end_date, tutor_id from courses WHERE tutor_id = ? and name like ?
[DEBUG] [2021-06-04 09:35] ==> Parameters: 1(Integer), %Java%(String)
[TRACE] [2021-06-04 09:35] <==    Columns: course_id, name, description, start_date, end_date, tutor_id
[TRACE] [2021-06-04 09:35] <==        Row: 1, Quickstart Core Java, Core Java Programming, 2013-04-01, 2013-05-15, 1
[TRACE] [2021-06-04 09:35] <==        Row: 2, Quickstart JavaEE6, Enterprise App Development using JavaEE6, 2013-04-01, 2013-08-30, 1
[DEBUG] [2021-06-04 09:35] <==      Total: 2
[DEBUG] [2021-06-04 09:35] ==>  Preparing: select course_id, name, description, start_date, end_date, tutor_id from courses WHERE end_date <= ?
[DEBUG] [2021-06-04 09:35] ==> Parameters: 2021-06-04 09:35:12.39(Timestamp)
[TRACE] [2021-06-04 09:35] <==    Columns: course_id, name, description, start_date, end_date, tutor_id
[TRACE] [2021-06-04 09:35] <==        Row: 1, Quickstart Core Java, Core Java Programming, 2013-04-01, 2013-05-15, 1
[TRACE] [2021-06-04 09:35] <==        Row: 2, Quickstart JavaEE6, Enterprise App Development using JavaEE6, 2013-04-01, 2013-08-30, 1
[TRACE] [2021-06-04 09:35] <==        Row: 3, MyBatis3 Premier, MyBatis 3 framework, 2013-06-01, 2013-07-15, 2
[DEBUG] [2021-06-04 09:35] <==      Total: 3
[DEBUG] [2021-06-04 09:35] test06SelectTrimCourses()
[DEBUG] [2021-06-04 09:35] ==>  Preparing: select course_id, name, description, start_date, end_date, tutor_id from courses
[DEBUG] [2021-06-04 09:35] ==> Parameters: 
[TRACE] [2021-06-04 09:35] <==    Columns: course_id, name, description, start_date, end_date, tutor_id
[TRACE] [2021-06-04 09:35] <==        Row: 1, Quickstart Core Java, Core Java Programming, 2013-04-01, 2013-05-15, 1
[TRACE] [2021-06-04 09:35] <==        Row: 2, Quickstart JavaEE6, Enterprise App Development using JavaEE6, 2013-04-01, 2013-08-30, 1
[TRACE] [2021-06-04 09:35] <==        Row: 3, MyBatis3 Premier, MyBatis 3 framework, 2013-06-01, 2013-07-15, 2
[DEBUG] [2021-06-04 09:35] <==      Total: 3
[DEBUG] [2021-06-04 09:35] ==>  Preparing: select course_id, name, description, start_date, end_date, tutor_id from courses where tutor_id = ?
[DEBUG] [2021-06-04 09:35] ==> Parameters: 1(Integer)
[TRACE] [2021-06-04 09:35] <==    Columns: course_id, name, description, start_date, end_date, tutor_id
[TRACE] [2021-06-04 09:35] <==        Row: 1, Quickstart Core Java, Core Java Programming, 2013-04-01, 2013-05-15, 1
[TRACE] [2021-06-04 09:35] <==        Row: 2, Quickstart JavaEE6, Enterprise App Development using JavaEE6, 2013-04-01, 2013-08-30, 1
[DEBUG] [2021-06-04 09:35] <==      Total: 2
[DEBUG] [2021-06-04 09:35] ==>  Preparing: select course_id, name, description, start_date, end_date, tutor_id from courses where name like ?
[DEBUG] [2021-06-04 09:35] ==> Parameters: %java%(String)
[TRACE] [2021-06-04 09:35] <==    Columns: course_id, name, description, start_date, end_date, tutor_id
[TRACE] [2021-06-04 09:35] <==        Row: 1, Quickstart Core Java, Core Java Programming, 2013-04-01, 2013-05-15, 1
[TRACE] [2021-06-04 09:35] <==        Row: 2, Quickstart JavaEE6, Enterprise App Development using JavaEE6, 2013-04-01, 2013-08-30, 1
[DEBUG] [2021-06-04 09:35] <==      Total: 2
[DEBUG] [2021-06-04 09:35] ==>  Preparing: select course_id, name, description, start_date, end_date, tutor_id from courses where tutor_id = ?
[DEBUG] [2021-06-04 09:35] ==> Parameters: 1(Integer)
[TRACE] [2021-06-04 09:35] <==    Columns: course_id, name, description, start_date, end_date, tutor_id
[TRACE] [2021-06-04 09:35] <==        Row: 1, Quickstart Core Java, Core Java Programming, 2013-04-01, 2013-05-15, 1
[TRACE] [2021-06-04 09:35] <==        Row: 2, Quickstart JavaEE6, Enterprise App Development using JavaEE6, 2013-04-01, 2013-08-30, 1
[DEBUG] [2021-06-04 09:35] <==      Total: 2
[DEBUG] [2021-06-04 09:35] ==>  Preparing: select course_id, name, description, start_date, end_date, tutor_id from courses where tutor_id = ? and name like ?
[DEBUG] [2021-06-04 09:35] ==> Parameters: 1(Integer), %core%(String)
[TRACE] [2021-06-04 09:35] <==    Columns: course_id, name, description, start_date, end_date, tutor_id
[TRACE] [2021-06-04 09:35] <==        Row: 1, Quickstart Core Java, Core Java Programming, 2013-04-01, 2013-05-15, 1
[DEBUG] [2021-06-04 09:35] <==      Total: 1
[DEBUG] [2021-06-04 09:35] test07SelectCoursesForeachByTutors()
[DEBUG] [2021-06-04 09:35] ==>  Preparing: select course_id, name, description, start_date, end_date, tutor_id from courses WHERE tutor_id in ( ? , ? )
[DEBUG] [2021-06-04 09:35] ==> Parameters: 1(Integer), 2(Integer)
[TRACE] [2021-06-04 09:35] <==    Columns: course_id, name, description, start_date, end_date, tutor_id
[TRACE] [2021-06-04 09:35] <==        Row: 1, Quickstart Core Java, Core Java Programming, 2013-04-01, 2013-05-15, 1
[TRACE] [2021-06-04 09:35] <==        Row: 2, Quickstart JavaEE6, Enterprise App Development using JavaEE6, 2013-04-01, 2013-08-30, 1
[TRACE] [2021-06-04 09:35] <==        Row: 3, MyBatis3 Premier, MyBatis 3 framework, 2013-06-01, 2013-07-15, 2
[DEBUG] [2021-06-04 09:35] <==      Total: 3
[DEBUG] [2021-06-04 09:35] test08InsertCourses()
[DEBUG] [2021-06-04 09:35] ==>  Preparing: insert into courses(course_id, name, description, start_date, end_date, tutor_id) values (?, ?, ?, ?, ?, ?) , (?, ?, ?, ?, ?, ?) , (?, ?, ?, ?, ?, ?)
[DEBUG] [2021-06-04 09:35] ==> Parameters: 4(Integer), mysql(String), database(String), 2021-06-04 09:35:12.431(Timestamp), 2021-06-04 09:35:12.431(Timestamp), 3(Integer), 5(Integer), mysql2(String), database2(String), 2021-06-04 09:35:12.431(Timestamp), 2021-06-04 09:35:12.431(Timestamp), 3(Integer), 6(Integer), mariaDb(String), database(String), 2021-06-04 09:35:12.431(Timestamp), 2021-06-04 09:35:12.431(Timestamp), 4(Integer)
[DEBUG] [2021-06-04 09:35] <==    Updates: 3
[DEBUG] [2021-06-04 09:35] test09DeleteCourses()
[DEBUG] [2021-06-04 09:35] ==>  Preparing: delete from courses WHERE course_id in ( ? , ? , ? )
[DEBUG] [2021-06-04 09:35] ==> Parameters: 4(Integer), 5(Integer), 6(Integer)
[DEBUG] [2021-06-04 09:35] <==    Updates: 3
[DEBUG] [2021-06-04 09:35] test10UpdateSetCourse()
[DEBUG] [2021-06-04 09:35] ==>  Preparing: update courses SET name=?, description=?, start_date=?, end_date=? WHERE course_id = ?
[DEBUG] [2021-06-04 09:35] ==> Parameters: test(String), test description(String), 2021-06-04 09:35:12.459(Timestamp), 2021-06-04 09:35:12.459(Timestamp), 1(Integer)
[DEBUG] [2021-06-04 09:35] <==    Updates: 1
[DEBUG] [2021-06-04 09:35] ==>  Preparing: update courses SET name=?, description=?, start_date=?, end_date=? WHERE course_id = ?
[DEBUG] [2021-06-04 09:35] ==> Parameters: Quickstart Core Java(String), Core Java Programming(String), 2013-04-01 00:00:00.0(Timestamp), 2013-05-15 00:00:00.0(Timestamp), 1(Integer)
[DEBUG] [2021-06-04 09:35] <==    Updates: 1
[DEBUG] [2021-06-04 09:35] test11InsertCourseAndDeleteCourse()
[DEBUG] [2021-06-04 09:35] ==>  Preparing: insert into courses(course_id, name, description, start_date, end_date, tutor_id) values (?, ?, ?, ?, ?, ?)
[DEBUG] [2021-06-04 09:35] ==> Parameters: 7(Integer), oracle(String), database(String), 2021-06-04 09:35:12.469(Timestamp), 2021-06-04 09:35:12.469(Timestamp), 4(Integer)
[DEBUG] [2021-06-04 09:35] <==    Updates: 1
[DEBUG] [2021-06-04 09:35] ==>  Preparing: select course_id, name, description, start_date, end_date, tutor_id from courses WHERE tutor_id = ?
[DEBUG] [2021-06-04 09:35] ==> Parameters: 4(Integer)
[TRACE] [2021-06-04 09:35] <==    Columns: course_id, name, description, start_date, end_date, tutor_id
[TRACE] [2021-06-04 09:35] <==        Row: 7, oracle, database, 2021-06-04, 2021-06-04, 4
[DEBUG] [2021-06-04 09:35] <==      Total: 1
[DEBUG] [2021-06-04 09:35] ==>  Preparing: delete from courses where course_id=?
[DEBUG] [2021-06-04 09:35] ==> Parameters: 7(Integer)
[DEBUG] [2021-06-04 09:35] <==    Updates: 1
[DEBUG] [2021-06-04 09:35] test01GetCourseCountByTutor3()
[DEBUG] [2021-06-04 09:35] ==>  Preparing: { call course_total(?) }
[DEBUG] [2021-06-04 09:35] ==> Parameters: 1(Integer)
[TRACE] [2021-06-04 09:35] <==    Columns: tutor, total
[TRACE] [2021-06-04 09:35] <==        Row: John, 2
[DEBUG] [2021-06-04 09:35] <==      Total: 1
[DEBUG] [2021-06-04 09:35] <==    Updates: 0
[DEBUG] [2021-06-04 09:35] CourseStat [tutor=John, total=2]
[DEBUG] [2021-06-04 09:35] test02GetCourseCount()
[DEBUG] [2021-06-04 09:35] ==>  Preparing: { call course_total_group }
[DEBUG] [2021-06-04 09:35] ==> Parameters: 
[TRACE] [2021-06-04 09:35] <==    Columns: tutor, total
[TRACE] [2021-06-04 09:35] <==        Row: John, 2
[TRACE] [2021-06-04 09:35] <==        Row: Ken, 1
[TRACE] [2021-06-04 09:35] <==        Row: Paul, 0
[TRACE] [2021-06-04 09:35] <==        Row: Mike, 0
[DEBUG] [2021-06-04 09:35] <==      Total: 4
[DEBUG] [2021-06-04 09:35] <==    Updates: 0
[DEBUG] [2021-06-04 09:35] test01SelectStudentById()
[DEBUG] [2021-06-04 09:35] ==>  Preparing: select stud_id, name, email, dob, phone, gender from students WHERE stud_id = ?
[DEBUG] [2021-06-04 09:35] ==> Parameters: 1(Integer)
[TRACE] [2021-06-04 09:35] <==    Columns: stud_id, name, email, dob, phone, gender
[TRACE] [2021-06-04 09:35] <==        Row: 1, Timothy, timothy@gmail.com, 1988-05-25, 123-123-1234, null
[DEBUG] [2021-06-04 09:35] <==      Total: 1
[DEBUG] [2021-06-04 09:35] Student [studId=1, name=Timothy, email=timothy@gmail.com, phone=123-123-1234, dob=Wed May 25 00:00:00 KDT 1988, address=null, gender=¾øÀ½]
[DEBUG] [2021-06-04 09:35] test02SelectStudentByIdWithResultMap()
[DEBUG] [2021-06-04 09:35] ==>  Preparing: select stud_id, name, email, dob , substring(phone, 1, 3) as f , substring(phone, 5, 3) as m , substring(phone, 9, 4) as l from students where stud_id = ?
[DEBUG] [2021-06-04 09:35] ==> Parameters: 1(Integer)
[TRACE] [2021-06-04 09:35] <==    Columns: stud_id, name, email, dob, f, m, l
[TRACE] [2021-06-04 09:35] <==        Row: 1, Timothy, timothy@gmail.com, 1988-05-25, 123, 123, 1234
[DEBUG] [2021-06-04 09:35] <==      Total: 1
[DEBUG] [2021-06-04 09:35] Student [studId=1, name=Timothy, email=timothy@gmail.com, phone=123-123-1234, dob=Wed May 25 00:00:00 KDT 1988, address=null, gender=¾øÀ½]
[DEBUG] [2021-06-04 09:35] test03SelectStudentByAll()
[DEBUG] [2021-06-04 09:35] ==>  Preparing: select stud_id, name, email, dob, phone, gender from students
[DEBUG] [2021-06-04 09:35] ==> Parameters: 
[TRACE] [2021-06-04 09:35] <==    Columns: stud_id, name, email, dob, phone, gender
[TRACE] [2021-06-04 09:35] <==        Row: 1, Timothy, timothy@gmail.com, 1988-05-25, 123-123-1234, null
[TRACE] [2021-06-04 09:35] <==        Row: 2, Douglas, douglas@gmail.com, 1990-08-15, 789-456-1234, null
[DEBUG] [2021-06-04 09:35] <==      Total: 2
[DEBUG] [2021-06-04 09:35] Student [studId=1, name=Timothy, email=timothy@gmail.com, phone=123-123-1234, dob=Wed May 25 00:00:00 KDT 1988, address=null, gender=¾øÀ½]
[DEBUG] [2021-06-04 09:35] Student [studId=2, name=Douglas, email=douglas@gmail.com, phone=789-456-1234, dob=Wed Aug 15 00:00:00 KST 1990, address=null, gender=¾øÀ½]
[DEBUG] [2021-06-04 09:35] test04InsertStudent()
[DEBUG] [2021-06-04 09:35] ==>  Preparing: insert into students(stud_id, name, email, phone, dob) values(?, ?, ?, ?, ?)
[DEBUG] [2021-06-04 09:35] ==> Parameters: 3(Integer), È«±æµ¿3(String), lee@test.co.kr(String), 010-1234-1234(String), 1990-03-28 09:35:12.573(Timestamp)
[DEBUG] [2021-06-04 09:35] <==    Updates: 1
[DEBUG] [2021-06-04 09:35] test05DeleteStudent()
[DEBUG] [2021-06-04 09:35] ==>  Preparing: delete from students WHERE stud_id = ?
[DEBUG] [2021-06-04 09:35] ==> Parameters: 3(Integer)
[DEBUG] [2021-06-04 09:35] <==    Updates: 1
[DEBUG] [2021-06-04 09:35] test06UpdateStudent()
[DEBUG] [2021-06-04 09:35] ==>  Preparing: update students set name=?, email=?, phone=?, dob=? WHERE stud_id = ?
[DEBUG] [2021-06-04 09:35] ==> Parameters: Timothy(String), test@test.co.kr(String), 987-654-1234(String), 2021-06-04 09:35:12.584(Timestamp), 1(Integer)
[DEBUG] [2021-06-04 09:35] <==    Updates: 1
[DEBUG] [2021-06-04 09:35] ==>  Preparing: update students set name=?, email=?, phone=?, dob=? WHERE stud_id = ?
[DEBUG] [2021-06-04 09:35] ==> Parameters: Timothy(String), timothy@gmail.com(String), 123-123-1234(String), 1988-05-25 00:00:00.0(Timestamp), 1(Integer)
[DEBUG] [2021-06-04 09:35] <==    Updates: 1
[DEBUG] [2021-06-04 09:35] test07SelectStudentByAllForHashMap()
[DEBUG] [2021-06-04 09:35] ==>  Preparing: select stud_id, name, email, dob, phone, gender from students
[DEBUG] [2021-06-04 09:35] ==> Parameters: 
[TRACE] [2021-06-04 09:35] <==    Columns: stud_id, name, email, dob, phone, gender
[TRACE] [2021-06-04 09:35] <==        Row: 1, Timothy, timothy@gmail.com, 1988-05-25, 123-123-1234, null
[TRACE] [2021-06-04 09:35] <==        Row: 2, Douglas, douglas@gmail.com, 1990-08-15, 789-456-1234, null
[DEBUG] [2021-06-04 09:35] <==      Total: 2
[DEBUG] [2021-06-04 09:35] stud_id -> 1
[DEBUG] [2021-06-04 09:35] phone -> 123-123-1234
[DEBUG] [2021-06-04 09:35] dob -> 1988-05-25
[DEBUG] [2021-06-04 09:35] name -> Timothy
[DEBUG] [2021-06-04 09:35] email -> timothy@gmail.com
[DEBUG] [2021-06-04 09:35] stud_id -> 2
[DEBUG] [2021-06-04 09:35] phone -> 789-456-1234
[DEBUG] [2021-06-04 09:35] dob -> 1990-08-15
[DEBUG] [2021-06-04 09:35] name -> Douglas
[DEBUG] [2021-06-04 09:35] email -> douglas@gmail.com
[DEBUG] [2021-06-04 09:35] test08SelectStudentByNoAssociation()
[DEBUG] [2021-06-04 09:35] ==>  Preparing: select stud_id, name, email, dob, phone, a.addr_id, street, city, state, zip, country from students s join addresses a on s.addr_id = a.addr_id where stud_id = ?
[DEBUG] [2021-06-04 09:35] ==> Parameters: 1(Integer)
[TRACE] [2021-06-04 09:35] <==    Columns: stud_id, name, email, dob, phone, addr_id, street, city, state, zip, country
[TRACE] [2021-06-04 09:35] <==        Row: 1, Timothy, timothy@gmail.com, 1988-05-25, 123-123-1234, 3, 710 N Cable Rd, Lima, OH, 45825, Allen
[DEBUG] [2021-06-04 09:35] <==      Total: 1
[DEBUG] [2021-06-04 09:35] Student [studId=1, name=Timothy, email=timothy@gmail.com, phone=123-123-1234, dob=Wed May 25 00:00:00 KDT 1988, address=Address [3, 710 N Cable Rd, Lima, OH, 45825, Allen], gender=¾øÀ½]
[DEBUG] [2021-06-04 09:35] test09InsertEnumStudent()
[DEBUG] [2021-06-04 09:35] ==>  Preparing: insert into students(stud_id, name, email, phone, dob, gender) values(?, ?, ?, ?, ?, ?)
[DEBUG] [2021-06-04 09:35] ==> Parameters: 3(Integer), test(String), test@test.co.kr(String), 010-1234-1234(String), 1990-03-28 09:35:12.611(Timestamp), 0(Integer)
[DEBUG] [2021-06-04 09:35] <==    Updates: 1
[DEBUG] [2021-06-04 09:35] ==>  Preparing: insert into students(stud_id, name, email, phone, dob, gender) values(?, ?, ?, ?, ?, ?)
[DEBUG] [2021-06-04 09:35] ==> Parameters: 4(Integer), test4(String), test4@test.co.kr(String), 010-1234-1234(String), 1990-03-28 09:35:12.611(Timestamp), 1(Integer)
[DEBUG] [2021-06-04 09:35] <==    Updates: 1
[DEBUG] [2021-06-04 09:35] ==>  Preparing: delete from students WHERE stud_id = ?
[DEBUG] [2021-06-04 09:35] ==> Parameters: 3(Integer)
[DEBUG] [2021-06-04 09:35] <==    Updates: 1
[DEBUG] [2021-06-04 09:35] ==>  Preparing: delete from students WHERE stud_id = ?
[DEBUG] [2021-06-04 09:35] ==> Parameters: 4(Integer)
[DEBUG] [2021-06-04 09:35] <==    Updates: 1
[DEBUG] [2021-06-04 09:35] test10SelectStudentByMap()
[DEBUG] [2021-06-04 09:35] ==>  Preparing: select stud_id, name, email, dob, phone, gender from students WHERE name = ? and email = ?
[DEBUG] [2021-06-04 09:35] ==> Parameters: Timothy(String), timothy@gmail.com(String)
[TRACE] [2021-06-04 09:35] <==    Columns: stud_id, name, email, dob, phone, gender
[TRACE] [2021-06-04 09:35] <==        Row: 1, Timothy, timothy@gmail.com, 1988-05-25, 123-123-1234, null
[DEBUG] [2021-06-04 09:35] <==      Total: 1
[DEBUG] [2021-06-04 09:35] Student [studId=1, name=Timothy, email=timothy@gmail.com, phone=123-123-1234, dob=Wed May 25 00:00:00 KDT 1988, address=null, gender=¾øÀ½]
[DEBUG] [2021-06-04 09:35] ==>  Preparing: select stud_id, name, email, dob, phone, gender from students WHERE name = ?
[DEBUG] [2021-06-04 09:35] ==> Parameters: Timothy(String)
[TRACE] [2021-06-04 09:35] <==    Columns: stud_id, name, email, dob, phone, gender
[TRACE] [2021-06-04 09:35] <==        Row: 1, Timothy, timothy@gmail.com, 1988-05-25, 123-123-1234, null
[DEBUG] [2021-06-04 09:35] <==      Total: 1
[DEBUG] [2021-06-04 09:35] Student [studId=1, name=Timothy, email=timothy@gmail.com, phone=123-123-1234, dob=Wed May 25 00:00:00 KDT 1988, address=null, gender=¾øÀ½]
[DEBUG] [2021-06-04 09:35] ==>  Preparing: select stud_id, name, email, dob, phone, gender from students WHERE email = ?
[DEBUG] [2021-06-04 09:35] ==> Parameters: timothy@gmail.com(String)
[TRACE] [2021-06-04 09:35] <==    Columns: stud_id, name, email, dob, phone, gender
[TRACE] [2021-06-04 09:35] <==        Row: 1, Timothy, timothy@gmail.com, 1988-05-25, 123-123-1234, null
[DEBUG] [2021-06-04 09:35] <==      Total: 1
[DEBUG] [2021-06-04 09:35] Student [studId=1, name=Timothy, email=timothy@gmail.com, phone=123-123-1234, dob=Wed May 25 00:00:00 KDT 1988, address=null, gender=¾øÀ½]
[DEBUG] [2021-06-04 09:35] test11SelectAllStudentByMap()
[DEBUG] [2021-06-04 09:35] ==>  Preparing: select stud_id, name, email, dob, phone, gender from students WHERE name = ? and email = ?
[DEBUG] [2021-06-04 09:35] ==> Parameters: Timothy(String), timothy@gmail.com(String)
[TRACE] [2021-06-04 09:35] <==    Columns: stud_id, name, email, dob, phone, gender
[TRACE] [2021-06-04 09:35] <==        Row: 1, Timothy, timothy@gmail.com, 1988-05-25, 123-123-1234, null
[DEBUG] [2021-06-04 09:35] <==      Total: 1
[DEBUG] [2021-06-04 09:35] ==>  Preparing: select stud_id, name, email, dob, phone, gender from students WHERE name = ?
[DEBUG] [2021-06-04 09:35] ==> Parameters: Timothy(String)
[TRACE] [2021-06-04 09:35] <==    Columns: stud_id, name, email, dob, phone, gender
[TRACE] [2021-06-04 09:35] <==        Row: 1, Timothy, timothy@gmail.com, 1988-05-25, 123-123-1234, null
[DEBUG] [2021-06-04 09:35] <==      Total: 1
[DEBUG] [2021-06-04 09:35] ==>  Preparing: select stud_id, name, email, dob, phone, gender from students WHERE email = ?
[DEBUG] [2021-06-04 09:35] ==> Parameters: timothy@gmail.com(String)
[TRACE] [2021-06-04 09:35] <==    Columns: stud_id, name, email, dob, phone, gender
[TRACE] [2021-06-04 09:35] <==        Row: 1, Timothy, timothy@gmail.com, 1988-05-25, 123-123-1234, null
[DEBUG] [2021-06-04 09:35] <==      Total: 1
[DEBUG] [2021-06-04 09:35] ==>  Preparing: select stud_id, name, email, dob, phone, gender from students
[DEBUG] [2021-06-04 09:35] ==> Parameters: 
[TRACE] [2021-06-04 09:35] <==    Columns: stud_id, name, email, dob, phone, gender
[TRACE] [2021-06-04 09:35] <==        Row: 1, Timothy, timothy@gmail.com, 1988-05-25, 123-123-1234, null
[TRACE] [2021-06-04 09:35] <==        Row: 2, Douglas, douglas@gmail.com, 1990-08-15, 789-456-1234, null
[DEBUG] [2021-06-04 09:35] <==      Total: 2
[DEBUG] [2021-06-04 09:35] test12UpdateSetStudent()
[DEBUG] [2021-06-04 09:35] ==>  Preparing: update students SET phone=?, dob=? WHERE stud_id = ?
[DEBUG] [2021-06-04 09:35] ==> Parameters: 987-654-3211(String), 2021-06-04 09:35:12.645(Timestamp), 1(Integer)
[DEBUG] [2021-06-04 09:35] <==    Updates: 1
[DEBUG] [2021-06-04 09:35] ==>  Preparing: update students SET phone=?, dob=? WHERE stud_id = ?
[DEBUG] [2021-06-04 09:35] ==> Parameters: 123-123-1234(String), 1988-05-25 00:00:00.0(Timestamp), 1(Integer)
[DEBUG] [2021-06-04 09:35] <==    Updates: 1
[DEBUG] [2021-06-04 09:35] test01SelectTutorByTutorId()
[DEBUG] [2021-06-04 09:35] ==>  Preparing: select t.tutor_id , t.name as tutor_name , email , c.course_id , c.name , description , start_date , end_date from tutors t left join courses c on t.tutor_id = c.tutor_id where t.tutor_id = ?;
[DEBUG] [2021-06-04 09:35] ==> Parameters: 2(Integer)
[TRACE] [2021-06-04 09:35] <==    Columns: tutor_id, tutor_name, email, course_id, name, description, start_date, end_date
[TRACE] [2021-06-04 09:35] <==        Row: 2, Ken, ken@gmail.com, 3, MyBatis3 Premier, MyBatis 3 framework, 2013-06-01, 2013-07-15
[DEBUG] [2021-06-04 09:35] <==      Total: 1
[TRACE] [2021-06-04 09:35] 2 : Ken
[DEBUG] [2021-06-04 09:35] Tutor [2, Ken, ken@gmail.com, null, [Course [3, MyBatis3 Premier, MyBatis 3 framework, Sat Jun 01 00:00:00 KST 2013, Mon Jul 15 00:00:00 KST 2013, 0]], null]
[DEBUG] [2021-06-04 09:35] Course [3, MyBatis3 Premier, MyBatis 3 framework, Sat Jun 01 00:00:00 KST 2013, Mon Jul 15 00:00:00 KST 2013, 0]
[DEBUG] [2021-06-04 09:35] test02InsertTutorAndDeleteTutor()
[DEBUG] [2021-06-04 09:35] ==>  Preparing: insert into tutors(tutor_id, name, email, phone, addr_id) values (?, ?, ?, ?, ?)
[DEBUG] [2021-06-04 09:35] ==> Parameters: 5(Integer), mskim(String), net94@naver.com(String), 010-2222-2222(String), 2(Integer)
[DEBUG] [2021-06-04 09:35] <==    Updates: 1
[DEBUG] [2021-06-04 09:35] ==>  Preparing: select t.tutor_id , t.name as tutor_name , email , c.course_id , c.name , description , start_date , end_date from tutors t left join courses c on t.tutor_id = c.tutor_id where t.tutor_id = ?;
[DEBUG] [2021-06-04 09:35] ==> Parameters: 5(Integer)
[TRACE] [2021-06-04 09:35] <==    Columns: tutor_id, tutor_name, email, course_id, name, description, start_date, end_date
[TRACE] [2021-06-04 09:35] <==        Row: 5, mskim, net94@naver.com, null, null, null, null, null
[DEBUG] [2021-06-04 09:35] <==      Total: 1
[DEBUG] [2021-06-04 09:35] Tutor [5, mskim, net94@naver.com, null, [], null]
[DEBUG] [2021-06-04 09:35] ==>  Preparing: delete from tutors where tutor_id = ?
[DEBUG] [2021-06-04 09:35] ==> Parameters: 5(Integer)
[DEBUG] [2021-06-04 09:35] <==    Updates: 1
[DEBUG] [2021-06-04 09:35] test03InsertTutor()
[DEBUG] [2021-06-04 09:35] ==>  Preparing: insert into tutors(tutor_id, name, email, phone, addr_id) values (?, ?, ?, ?, ?)
[DEBUG] [2021-06-04 09:35] ==> Parameters: 5(Integer), mskim(String), net94@naver.com(String), 010-2222-2222(String), 2(Integer)
[DEBUG] [2021-06-04 09:35] <==    Updates: 1
[DEBUG] [2021-06-04 09:35] test04selectTutorByTutorId()
[DEBUG] [2021-06-04 09:35] ==>  Preparing: select tutor_id, name, email, phone, addr_id from tutors where tutor_id = ?
[DEBUG] [2021-06-04 09:35] ==> Parameters: 5(Integer)
[TRACE] [2021-06-04 09:35] <==    Columns: tutor_id, name, email, phone, addr_id
[TRACE] [2021-06-04 09:35] <==        Row: 5, mskim, net94@naver.com, 010-2222-2222, 2
[DEBUG] [2021-06-04 09:35] <==      Total: 1
[DEBUG] [2021-06-04 09:35] Tutor [5, mskim, net94@naver.com, Address [2, null, null, null, null, null], null, 010-2222-2222]
[DEBUG] [2021-06-04 09:35] test05DeleteTutor()
[DEBUG] [2021-06-04 09:35] ==>  Preparing: delete from tutors where tutor_id = ?
[DEBUG] [2021-06-04 09:35] ==> Parameters: 5(Integer)
[DEBUG] [2021-06-04 09:35] <==    Updates: 1
[DEBUG] [2021-06-04 09:35] test01InsertUserPic()
[DEBUG] [2021-06-04 09:35] ==>  Preparing: insert into user_pics(id, name, pic, bio) values (?, ?, ?, ?)
[DEBUG] [2021-06-04 09:35] ==> Parameters: 2(Integer), MoonAndRiver(String), [B@5790d4c8(byte[]), put some lengthy bio here(String)
[DEBUG] [2021-06-04 09:35] <==    Updates: 1
[DEBUG] [2021-06-04 09:35] test02GetUserPic()
[DEBUG] [2021-06-04 09:35] ==>  Preparing: select id, name, pic, bio from user_pics where id = ?
[DEBUG] [2021-06-04 09:35] ==> Parameters: 2(Integer)
[TRACE] [2021-06-04 09:35] <==    Columns: id, name, pic, bio
[TRACE] [2021-06-04 09:35] <==        Row: 2, MoonAndRiver, <<BLOB>>, <<BLOB>>
[DEBUG] [2021-06-04 09:35] <==      Total: 1
[DEBUG] [2021-06-04 09:35] file path C:\workspace_web\spring5_mybatis_study\pics\MoonAndRiver.jpg
[DEBUG] [2021-06-04 09:35] test03DeleteUserPic()
[DEBUG] [2021-06-04 09:35] ==>  Preparing: delete from user_pics where id = ?
[DEBUG] [2021-06-04 09:35] ==> Parameters: 2(Integer)
[DEBUG] [2021-06-04 09:35] <==    Updates: 1
[DEBUG] [2021-06-04 09:35] testSelectStudentForMap()
[DEBUG] [2021-06-04 09:35] ==>  Preparing: select stud_id, name, email, dob, phone, gender from students WHERE stud_id = ?
[DEBUG] [2021-06-04 09:35] ==> Parameters: 1(Integer)
[TRACE] [2021-06-04 09:35] <==    Columns: stud_id, name, email, dob, phone, gender
[TRACE] [2021-06-04 09:35] <==        Row: 1, Timothy, timothy@gmail.com, 1988-05-25, 123-123-1234, null
[DEBUG] [2021-06-04 09:35] <==      Total: 1
[DEBUG] [2021-06-04 09:35] testSelectStudentForMap2()
[DEBUG] [2021-06-04 09:35] ==>  Preparing: select stud_id, name, email, dob, phone, gender from students WHERE stud_id = ?
[DEBUG] [2021-06-04 09:35] ==> Parameters: 1(Integer)
[TRACE] [2021-06-04 09:35] <==    Columns: stud_id, name, email, dob, phone, gender
[TRACE] [2021-06-04 09:35] <==        Row: 1, Timothy, timothy@gmail.com, 1988-05-25, 123-123-1234, null
[DEBUG] [2021-06-04 09:35] <==      Total: 1
[DEBUG] [2021-06-04 09:35] testSelectStudentForMap3()
[DEBUG] [2021-06-04 09:35] ==>  Preparing: select stud_id, name, email, dob, phone, gender from students
[DEBUG] [2021-06-04 09:35] ==> Parameters: 
[TRACE] [2021-06-04 09:35] <==    Columns: stud_id, name, email, dob, phone, gender
[TRACE] [2021-06-04 09:35] <==        Row: 1, Timothy, timothy@gmail.com, 1988-05-25, 123-123-1234, null
[TRACE] [2021-06-04 09:35] <==        Row: 2, Douglas, douglas@gmail.com, 1990-08-15, 789-456-1234, null
[DEBUG] [2021-06-04 09:35] <==      Total: 2
[DEBUG] [2021-06-04 09:35] test01TrJoinTutorAndCourse_FailTutor()
[DEBUG] [2021-06-04 09:35] ==>  Preparing: insert into tutors(tutor_id, name, email, phone, addr_id) values (?, ?, ?, ?, ?)
[DEBUG] [2021-06-04 09:35] ==> Parameters: 1(Integer), mskim(String), net94@naver.com(String), 010-2222-2222(String), 2(Integer)
[DEBUG] [2021-06-04 09:35] test02TrJoinTutorAndCourse_FailCourse()
[DEBUG] [2021-06-04 09:35] ==>  Preparing: insert into tutors(tutor_id, name, email, phone, addr_id) values (?, ?, ?, ?, ?)
[DEBUG] [2021-06-04 09:35] ==> Parameters: 5(Integer), mskim(String), net94@naver.com(String), 010-2222-2222(String), 2(Integer)
[DEBUG] [2021-06-04 09:35] <==    Updates: 1
[DEBUG] [2021-06-04 09:35] ==>  Preparing: insert into courses(course_id, name, description, start_date, end_date, tutor_id) values (?, ?, ?, ?, ?, ?)
[DEBUG] [2021-06-04 09:35] ==> Parameters: 2(Integer), python(String), Programming(String), 2021-06-04 09:35:12.832(Timestamp), 2021-06-04 09:35:12.832(Timestamp), 100(Integer)
[DEBUG] [2021-06-04 09:35] test03TrJoinTutorAndCourse_Success()
[DEBUG] [2021-06-04 09:35] ==>  Preparing: insert into tutors(tutor_id, name, email, phone, addr_id) values (?, ?, ?, ?, ?)
[DEBUG] [2021-06-04 09:35] ==> Parameters: 5(Integer), mskim(String), net94@naver.com(String), 010-2222-2222(String), 2(Integer)
[DEBUG] [2021-06-04 09:35] <==    Updates: 1
[DEBUG] [2021-06-04 09:35] ==>  Preparing: insert into courses(course_id, name, description, start_date, end_date, tutor_id) values (?, ?, ?, ?, ?, ?)
[DEBUG] [2021-06-04 09:35] ==> Parameters: 8(Integer), python(String), Programming(String), 2021-06-04 09:35:12.84(Timestamp), 2021-06-04 09:35:12.84(Timestamp), 5(Integer)
[DEBUG] [2021-06-04 09:35] <==    Updates: 1
[DEBUG] [2021-06-04 09:35] test04TrRemoveTutorAndCourse_FailTutor()
[DEBUG] [2021-06-04 09:35] ==>  Preparing: delete from courses where course_id=?
[DEBUG] [2021-06-04 09:35] ==> Parameters: 8(Integer)
[DEBUG] [2021-06-04 09:35] <==    Updates: 1
[DEBUG] [2021-06-04 09:35] ==>  Preparing: delete from tutors where tutor_id = ?
[DEBUG] [2021-06-04 09:35] ==> Parameters: 10(Integer)
[DEBUG] [2021-06-04 09:35] <==    Updates: 0
[DEBUG] [2021-06-04 09:35] test05TrRemoveTutorAndCourse_FailCourse()
[DEBUG] [2021-06-04 09:35] ==>  Preparing: delete from courses where course_id=?
[DEBUG] [2021-06-04 09:35] ==> Parameters: 10(Integer)
[DEBUG] [2021-06-04 09:35] <==    Updates: 0
[DEBUG] [2021-06-04 09:35] ==>  Preparing: delete from tutors where tutor_id = ?
[DEBUG] [2021-06-04 09:35] ==> Parameters: 5(Integer)
[DEBUG] [2021-06-04 09:35] test06TrRemoveTutorAndCourse_Success()
[DEBUG] [2021-06-04 09:35] ==>  Preparing: delete from courses where course_id=?
[DEBUG] [2021-06-04 09:35] ==> Parameters: 8(Integer)
[DEBUG] [2021-06-04 09:35] <==    Updates: 1
[DEBUG] [2021-06-04 09:35] ==>  Preparing: delete from tutors where tutor_id = ?
[DEBUG] [2021-06-04 09:35] ==> Parameters: 5(Integer)
[DEBUG] [2021-06-04 09:35] <==    Updates: 1
[DEBUG] [2021-06-04 10:24] test02InsertCourseEnrollment()
[DEBUG] [2021-06-04 10:24] ==>  Preparing: insert into course_enrollment(course_id, stud_id) values (?, ?)
[DEBUG] [2021-06-04 10:24] test04DeleteCourseEnrollment()
[DEBUG] [2021-06-04 10:24] ==>  Preparing: delete from course_enrollment where course_id = ? and ? = 2
[DEBUG] [2021-06-04 10:28] test02InsertCourseEnrollment()
[DEBUG] [2021-06-04 10:28] ==>  Preparing: insert into course_enrollment(course_id, stud_id) values (?, ?)
[DEBUG] [2021-06-04 10:28] test04DeleteCourseEnrollment()
[DEBUG] [2021-06-04 10:28] ==>  Preparing: delete from course_enrollment where course_id = ? and stud_id = ?
[DEBUG] [2021-06-04 10:31] test02InsertCourseEnrollment()
[DEBUG] [2021-06-04 10:31] ==>  Preparing: insert into course_enrollment(course_id, stud_id) values (?, ?)
[DEBUG] [2021-06-04 10:31] ==> Parameters: 3(Integer), 1(Integer)
[DEBUG] [2021-06-04 10:31] <==    Updates: 1
[DEBUG] [2021-06-04 10:31] test04DeleteCourseEnrollment()
[DEBUG] [2021-06-04 10:31] ==>  Preparing: delete from course_enrollment where course_id = ? and stud_id = ?
[DEBUG] [2021-06-04 10:31] ==> Parameters: 3(Integer), 1(Integer)
[DEBUG] [2021-06-04 10:31] <==    Updates: 1
[DEBUG] [2021-06-04 10:46] test02InsertCourseEnrollment()
[DEBUG] [2021-06-04 10:46] ==>  Preparing: insert into course_enrollment(course_id, stud_id) values (?, ?)
[DEBUG] [2021-06-04 10:46] ==> Parameters: 3(Integer), 1(Integer)
[DEBUG] [2021-06-04 10:46] <==    Updates: 1
[DEBUG] [2021-06-04 10:46] test04DeleteCourseEnrollment()
[DEBUG] [2021-06-04 10:46] ==>  Preparing: delete from course_enrollment where course_id = ? and stud_id = ?
[DEBUG] [2021-06-04 10:46] ==> Parameters: 3(Integer), 1(Integer)
[DEBUG] [2021-06-04 10:46] <==    Updates: 1
[DEBUG] [2021-06-04 10:47] test02InsertCourseEnrollment()
[DEBUG] [2021-06-04 10:47] ==>  Preparing: insert into course_enrollment(course_id, stud_id) values (?, ?)
[DEBUG] [2021-06-04 10:47] ==> Parameters: 3(Integer), 1(Integer)
[DEBUG] [2021-06-04 10:47] <==    Updates: 1
[DEBUG] [2021-06-04 10:47] test03UpdateCourseEnrollment()
[DEBUG] [2021-06-04 10:47] ==>  Preparing: update course_enrollment set course_id = ?, stud_id = {param2} where course_id = ? and stud_id = {param4}
[DEBUG] [2021-06-04 10:47] ==> Parameters: 3(Integer), 3(Integer)
[DEBUG] [2021-06-04 10:47] test04DeleteCourseEnrollment()
[DEBUG] [2021-06-04 10:47] ==>  Preparing: delete from course_enrollment where course_id = ? and stud_id = ?
[DEBUG] [2021-06-04 10:47] ==> Parameters: 3(Integer), 1(Integer)
[DEBUG] [2021-06-04 10:47] <==    Updates: 1
[DEBUG] [2021-06-04 10:48] test02InsertCourseEnrollment()
[DEBUG] [2021-06-04 10:48] ==>  Preparing: insert into course_enrollment(course_id, stud_id) values (?, ?)
[DEBUG] [2021-06-04 10:48] ==> Parameters: 3(Integer), 1(Integer)
[DEBUG] [2021-06-04 10:48] <==    Updates: 1
[DEBUG] [2021-06-04 10:48] test03UpdateCourseEnrollment()
[DEBUG] [2021-06-04 10:48] ==>  Preparing: update course_enrollment set course_id = ?, stud_id = ? where course_id = ? and stud_id = ?
[DEBUG] [2021-06-04 10:48] ==> Parameters: 3(Integer), 2(Integer), 3(Integer), 1(Integer)
[DEBUG] [2021-06-04 10:48] <==    Updates: 1
[DEBUG] [2021-06-04 10:48] test04DeleteCourseEnrollment()
[DEBUG] [2021-06-04 10:48] ==>  Preparing: delete from course_enrollment where course_id = ? and stud_id = ?
[DEBUG] [2021-06-04 10:48] ==> Parameters: 3(Integer), 1(Integer)
[DEBUG] [2021-06-04 10:48] <==    Updates: 0
[DEBUG] [2021-06-04 10:48] test02InsertCourseEnrollment()
[DEBUG] [2021-06-04 10:48] ==>  Preparing: insert into course_enrollment(course_id, stud_id) values (?, ?)
[DEBUG] [2021-06-04 10:48] ==> Parameters: 3(Integer), 1(Integer)
[DEBUG] [2021-06-04 10:48] <==    Updates: 1
[DEBUG] [2021-06-04 10:48] test03UpdateCourseEnrollment()
[DEBUG] [2021-06-04 10:48] ==>  Preparing: update course_enrollment set course_id = ?, stud_id = ? where course_id = ? and stud_id = ?
[DEBUG] [2021-06-04 10:48] ==> Parameters: 3(Integer), 2(Integer), 3(Integer), 1(Integer)
[DEBUG] [2021-06-04 10:48] test04DeleteCourseEnrollment()
[DEBUG] [2021-06-04 10:48] ==>  Preparing: delete from course_enrollment where course_id = ? and stud_id = ?
[DEBUG] [2021-06-04 10:48] ==> Parameters: 3(Integer), 2(Integer)
[DEBUG] [2021-06-04 10:48] <==    Updates: 1
[DEBUG] [2021-06-04 10:48] test02InsertCourseEnrollment()
[DEBUG] [2021-06-04 10:48] ==>  Preparing: insert into course_enrollment(course_id, stud_id) values (?, ?)
[DEBUG] [2021-06-04 10:48] ==> Parameters: 3(Integer), 1(Integer)
[DEBUG] [2021-06-04 10:48] <==    Updates: 1
[DEBUG] [2021-06-04 10:48] test03UpdateCourseEnrollment()
[DEBUG] [2021-06-04 10:48] ==>  Preparing: update course_enrollment set course_id = ?, stud_id = ? where course_id = ? and stud_id = ?
[DEBUG] [2021-06-04 10:48] ==> Parameters: 3(Integer), 2(Integer), 3(Integer), 1(Integer)
[DEBUG] [2021-06-04 10:48] <==    Updates: 1
[DEBUG] [2021-06-04 10:48] test04DeleteCourseEnrollment()
[DEBUG] [2021-06-04 10:48] ==>  Preparing: delete from course_enrollment where course_id = ? and stud_id = ?
[DEBUG] [2021-06-04 10:48] ==> Parameters: 3(Integer), 2(Integer)
[DEBUG] [2021-06-04 10:48] <==    Updates: 1
[DEBUG] [2021-06-04 11:06] test01SelectCourseEnrollmentById()
[DEBUG] [2021-06-04 11:06] ==>  Preparing: select c.course_id, c.name as cname, c.description, c.start_date, c.end_date, s.stud_id, s.name, s.email from course_enrollment ce join courses c on ce.course_id = c.course_id join students s on ce.stud_id = s.stud_id where ce.stud_id = ? and ce.course_id = ?;
[DEBUG] [2021-06-04 11:06] ==> Parameters: 1(Integer), 1(Integer)
[TRACE] [2021-06-04 11:06] <==    Columns: course_id, cname, description, start_date, end_date, stud_id, name, email
[TRACE] [2021-06-04 11:06] <==        Row: 1, Quickstart Core Java, Core Java Programming, 2013-04-01, 2013-05-15, 1, Timothy, timothy@gmail.com
[DEBUG] [2021-06-04 11:06] <==      Total: 1
[DEBUG] [2021-06-04 11:06] test02InsertCourseEnrollment()
[DEBUG] [2021-06-04 11:06] ==>  Preparing: insert into course_enrollment(course_id, stud_id) values (?, ?)
[DEBUG] [2021-06-04 11:06] ==> Parameters: 3(Integer), 1(Integer)
[DEBUG] [2021-06-04 11:06] <==    Updates: 1
[DEBUG] [2021-06-04 11:06] test03UpdateCourseEnrollment()
[DEBUG] [2021-06-04 11:06] ==>  Preparing: update course_enrollment set course_id = ?, stud_id = ? where course_id = ? and stud_id = ?
[DEBUG] [2021-06-04 11:06] ==> Parameters: 3(Integer), 2(Integer), 3(Integer), 1(Integer)
[DEBUG] [2021-06-04 11:06] <==    Updates: 1
[DEBUG] [2021-06-04 11:06] test04DeleteCourseEnrollment()
[DEBUG] [2021-06-04 11:06] ==>  Preparing: delete from course_enrollment where course_id = ? and stud_id = ?
[DEBUG] [2021-06-04 11:06] ==> Parameters: 3(Integer), 2(Integer)
[DEBUG] [2021-06-04 11:06] <==    Updates: 1
[DEBUG] [2021-06-04 11:12] test01SelectCourseEnrollmentById()
[DEBUG] [2021-06-04 11:12] ==>  Preparing: select c.course_id, c.name as cname, c.description, c.start_date, c.end_date, s.stud_id, s.name, s.email from course_enrollment ce join courses c on ce.course_id = c.course_id join students s on ce.stud_id = s.stud_id where ce.stud_id = ? and ce.course_id = ?;
[DEBUG] [2021-06-04 11:12] ==> Parameters: 1(Integer), 1(Integer)
[TRACE] [2021-06-04 11:12] <==    Columns: course_id, cname, description, start_date, end_date, stud_id, name, email
[TRACE] [2021-06-04 11:12] <==        Row: 1, Quickstart Core Java, Core Java Programming, 2013-04-01, 2013-05-15, 1, Timothy, timothy@gmail.com
[DEBUG] [2021-06-04 11:12] <==      Total: 1
[DEBUG] [2021-06-04 11:12] CourseEnrollment [course=Course [1, Timothy, Core Java Programming, Mon Apr 01 00:00:00 KST 2013, Wed May 15 00:00:00 KST 2013, 0], student=Student [studId=1, name=Timothy, email=timothy@gmail.com, phone=null, dob=null, address=null, gender=ì—†ìŒ]]
[DEBUG] [2021-06-04 11:12] test02InsertCourseEnrollment()
[DEBUG] [2021-06-04 11:12] ==>  Preparing: insert into course_enrollment(course_id, stud_id) values (?, ?)
[DEBUG] [2021-06-04 11:12] ==> Parameters: 3(Integer), 1(Integer)
[DEBUG] [2021-06-04 11:12] <==    Updates: 1
[DEBUG] [2021-06-04 11:12] test03UpdateCourseEnrollment()
[DEBUG] [2021-06-04 11:12] ==>  Preparing: update course_enrollment set course_id = ?, stud_id = ? where course_id = ? and stud_id = ?
[DEBUG] [2021-06-04 11:12] ==> Parameters: 3(Integer), 2(Integer), 3(Integer), 1(Integer)
[DEBUG] [2021-06-04 11:12] <==    Updates: 1
[DEBUG] [2021-06-04 11:12] test04DeleteCourseEnrollment()
[DEBUG] [2021-06-04 11:12] ==>  Preparing: delete from course_enrollment where course_id = ? and stud_id = ?
[DEBUG] [2021-06-04 11:12] ==> Parameters: 3(Integer), 2(Integer)
[DEBUG] [2021-06-04 11:12] <==    Updates: 1
[DEBUG] [2021-06-04 11:13] test01SelectCourseEnrollmentById()
[DEBUG] [2021-06-04 11:13] ==>  Preparing: select c.course_id, c.name as cname, c.description, c.start_date, c.end_date, s.stud_id, s.name, s.email from course_enrollment ce join courses c on ce.course_id = c.course_id join students s on ce.stud_id = s.stud_id where ce.stud_id = ? and ce.course_id = ?;
[DEBUG] [2021-06-04 11:13] ==> Parameters: 1(Integer), 1(Integer)
[TRACE] [2021-06-04 11:13] <==    Columns: course_id, cname, description, start_date, end_date, stud_id, name, email
[TRACE] [2021-06-04 11:13] <==        Row: 1, Quickstart Core Java, Core Java Programming, 2013-04-01, 2013-05-15, 1, Timothy, timothy@gmail.com
[DEBUG] [2021-06-04 11:13] <==      Total: 1
[DEBUG] [2021-06-04 11:13] CourseEnrollment [course=Course [1, Timothy, Core Java Programming, Mon Apr 01 00:00:00 KST 2013, Wed May 15 00:00:00 KST 2013, 0], student=Student [studId=1, name=Timothy, email=timothy@gmail.com, phone=null, dob=null, address=null, gender=ì—†ìŒ]]
[DEBUG] [2021-06-04 11:13] test02InsertCourseEnrollment()
[DEBUG] [2021-06-04 11:13] ==>  Preparing: insert into course_enrollment(course_id, stud_id) values (?, ?)
[DEBUG] [2021-06-04 11:13] ==> Parameters: 3(Integer), 1(Integer)
[DEBUG] [2021-06-04 11:13] <==    Updates: 1
[DEBUG] [2021-06-04 11:13] test03UpdateCourseEnrollment()
[DEBUG] [2021-06-04 11:13] ==>  Preparing: update course_enrollment set course_id = ?, stud_id = ? where course_id = ? and stud_id = ?
[DEBUG] [2021-06-04 11:13] ==> Parameters: 3(Integer), 2(Integer), 3(Integer), 1(Integer)
[DEBUG] [2021-06-04 11:13] <==    Updates: 1
[DEBUG] [2021-06-04 11:13] test04DeleteCourseEnrollment()
[DEBUG] [2021-06-04 11:13] ==>  Preparing: delete from course_enrollment where course_id = ? and stud_id = ?
[DEBUG] [2021-06-04 11:13] ==> Parameters: 3(Integer), 2(Integer)
[DEBUG] [2021-06-04 11:13] <==    Updates: 1
[DEBUG] [2021-06-04 11:14] testDataSource()
[DEBUG] [2021-06-04 11:14] DataSource HikariDataSource (HikariPool-1)
[DEBUG] [2021-06-04 11:14] LoginTimeout30
[DEBUG] [2021-06-04 11:14] testOpenSession()
[DEBUG] [2021-06-04 11:14] session org.apache.ibatis.session.defaults.DefaultSqlSession@1a054ba
[DEBUG] [2021-06-04 11:14] test01SelectCourseEnrollmentById()
[DEBUG] [2021-06-04 11:14] ==>  Preparing: select c.course_id, c.name as cname, c.description, c.start_date, c.end_date, s.stud_id, s.name, s.email from course_enrollment ce join courses c on ce.course_id = c.course_id join students s on ce.stud_id = s.stud_id where ce.stud_id = ? and ce.course_id = ?;
[DEBUG] [2021-06-04 11:14] ==> Parameters: 1(Integer), 1(Integer)
[TRACE] [2021-06-04 11:14] <==    Columns: course_id, cname, description, start_date, end_date, stud_id, name, email
[TRACE] [2021-06-04 11:14] <==        Row: 1, Quickstart Core Java, Core Java Programming, 2013-04-01, 2013-05-15, 1, Timothy, timothy@gmail.com
[DEBUG] [2021-06-04 11:14] <==      Total: 1
[DEBUG] [2021-06-04 11:14] CourseEnrollment [course=Course [1, Timothy, Core Java Programming, Mon Apr 01 00:00:00 KST 2013, Wed May 15 00:00:00 KST 2013, 0], student=Student [studId=1, name=Timothy, email=timothy@gmail.com, phone=null, dob=null, address=null, gender=¾øÀ½]]
[DEBUG] [2021-06-04 11:14] test02InsertCourseEnrollment()
[DEBUG] [2021-06-04 11:14] ==>  Preparing: insert into course_enrollment(course_id, stud_id) values (?, ?)
[DEBUG] [2021-06-04 11:14] ==> Parameters: 3(Integer), 1(Integer)
[DEBUG] [2021-06-04 11:14] <==    Updates: 1
[DEBUG] [2021-06-04 11:14] test03UpdateCourseEnrollment()
[DEBUG] [2021-06-04 11:14] ==>  Preparing: update course_enrollment set course_id = ?, stud_id = ? where course_id = ? and stud_id = ?
[DEBUG] [2021-06-04 11:14] ==> Parameters: 3(Integer), 2(Integer), 3(Integer), 1(Integer)
[DEBUG] [2021-06-04 11:14] <==    Updates: 1
[DEBUG] [2021-06-04 11:14] test04DeleteCourseEnrollment()
[DEBUG] [2021-06-04 11:14] ==>  Preparing: delete from course_enrollment where course_id = ? and stud_id = ?
[DEBUG] [2021-06-04 11:14] ==> Parameters: 3(Integer), 2(Integer)
[DEBUG] [2021-06-04 11:14] <==    Updates: 1
[DEBUG] [2021-06-04 11:14] test01SelectCourseByCondition()
[DEBUG] [2021-06-04 11:14] ==>  Preparing: select course_id, name, description, start_date, end_date, tutor_id from courses WHERE tutor_id = ?
[DEBUG] [2021-06-04 11:14] ==> Parameters: 1(Integer)
[TRACE] [2021-06-04 11:14] <==    Columns: course_id, name, description, start_date, end_date, tutor_id
[TRACE] [2021-06-04 11:14] <==        Row: 1, Quickstart Core Java, Core Java Programming, 2013-04-01, 2013-05-15, 1
[TRACE] [2021-06-04 11:14] <==        Row: 2, Quickstart JavaEE6, Enterprise App Development using JavaEE6, 2013-04-01, 2013-08-30, 1
[DEBUG] [2021-06-04 11:14] <==      Total: 2
[DEBUG] [2021-06-04 11:14] test02SelectCourseByCondition()
[DEBUG] [2021-06-04 11:14] ==>  Preparing: select course_id, name, description, start_date, end_date, tutor_id from courses WHERE name like ?
[DEBUG] [2021-06-04 11:14] ==> Parameters: %Java%(String)
[TRACE] [2021-06-04 11:14] <==    Columns: course_id, name, description, start_date, end_date, tutor_id
[TRACE] [2021-06-04 11:14] <==        Row: 1, Quickstart Core Java, Core Java Programming, 2013-04-01, 2013-05-15, 1
[TRACE] [2021-06-04 11:14] <==        Row: 2, Quickstart JavaEE6, Enterprise App Development using JavaEE6, 2013-04-01, 2013-08-30, 1
[DEBUG] [2021-06-04 11:14] <==      Total: 2
[DEBUG] [2021-06-04 11:14] test03SelectCourseByCondition()
[DEBUG] [2021-06-04 11:14] ==>  Preparing: select course_id, name, description, start_date, end_date, tutor_id from courses WHERE start_date >= ?
[DEBUG] [2021-06-04 11:14] ==> Parameters: 2013-02-01 00:00:00.0(Timestamp)
[TRACE] [2021-06-04 11:14] <==    Columns: course_id, name, description, start_date, end_date, tutor_id
[TRACE] [2021-06-04 11:14] <==        Row: 1, Quickstart Core Java, Core Java Programming, 2013-04-01, 2013-05-15, 1
[TRACE] [2021-06-04 11:14] <==        Row: 2, Quickstart JavaEE6, Enterprise App Development using JavaEE6, 2013-04-01, 2013-08-30, 1
[TRACE] [2021-06-04 11:14] <==        Row: 3, MyBatis3 Premier, MyBatis 3 framework, 2013-06-01, 2013-07-15, 2
[DEBUG] [2021-06-04 11:14] <==      Total: 3
[DEBUG] [2021-06-04 11:14] test04SelectCaseCourses()
[DEBUG] [2021-06-04 11:14] ==>  Preparing: select course_id, name, description, start_date, end_date, tutor_id from courses where tutor_id = ?
[DEBUG] [2021-06-04 11:14] ==> Parameters: 1(Integer)
[TRACE] [2021-06-04 11:14] <==    Columns: course_id, name, description, start_date, end_date, tutor_id
[TRACE] [2021-06-04 11:14] <==        Row: 1, Quickstart Core Java, Core Java Programming, 2013-04-01, 2013-05-15, 1
[TRACE] [2021-06-04 11:14] <==        Row: 2, Quickstart JavaEE6, Enterprise App Development using JavaEE6, 2013-04-01, 2013-08-30, 1
[DEBUG] [2021-06-04 11:14] <==      Total: 2
[DEBUG] [2021-06-04 11:14] ==>  Preparing: select course_id, name, description, start_date, end_date, tutor_id from courses where name like ?
[DEBUG] [2021-06-04 11:14] ==> Parameters: %Java%(String)
[TRACE] [2021-06-04 11:14] <==    Columns: course_id, name, description, start_date, end_date, tutor_id
[TRACE] [2021-06-04 11:14] <==        Row: 1, Quickstart Core Java, Core Java Programming, 2013-04-01, 2013-05-15, 1
[TRACE] [2021-06-04 11:14] <==        Row: 2, Quickstart JavaEE6, Enterprise App Development using JavaEE6, 2013-04-01, 2013-08-30, 1
[DEBUG] [2021-06-04 11:14] <==      Total: 2
[DEBUG] [2021-06-04 11:14] test05SelectWhereCourses()
[DEBUG] [2021-06-04 11:14] ==>  Preparing: select course_id, name, description, start_date, end_date, tutor_id from courses
[DEBUG] [2021-06-04 11:14] ==> Parameters: 
[TRACE] [2021-06-04 11:14] <==    Columns: course_id, name, description, start_date, end_date, tutor_id
[TRACE] [2021-06-04 11:14] <==        Row: 1, Quickstart Core Java, Core Java Programming, 2013-04-01, 2013-05-15, 1
[TRACE] [2021-06-04 11:14] <==        Row: 2, Quickstart JavaEE6, Enterprise App Development using JavaEE6, 2013-04-01, 2013-08-30, 1
[TRACE] [2021-06-04 11:14] <==        Row: 3, MyBatis3 Premier, MyBatis 3 framework, 2013-06-01, 2013-07-15, 2
[DEBUG] [2021-06-04 11:14] <==      Total: 3
[DEBUG] [2021-06-04 11:14] ==>  Preparing: select course_id, name, description, start_date, end_date, tutor_id from courses WHERE tutor_id = ?
[DEBUG] [2021-06-04 11:14] ==> Parameters: 1(Integer)
[TRACE] [2021-06-04 11:14] <==    Columns: course_id, name, description, start_date, end_date, tutor_id
[TRACE] [2021-06-04 11:14] <==        Row: 1, Quickstart Core Java, Core Java Programming, 2013-04-01, 2013-05-15, 1
[TRACE] [2021-06-04 11:14] <==        Row: 2, Quickstart JavaEE6, Enterprise App Development using JavaEE6, 2013-04-01, 2013-08-30, 1
[DEBUG] [2021-06-04 11:14] <==      Total: 2
[DEBUG] [2021-06-04 11:14] ==>  Preparing: select course_id, name, description, start_date, end_date, tutor_id from courses WHERE tutor_id = ? and name like ?
[DEBUG] [2021-06-04 11:14] ==> Parameters: 1(Integer), %Java%(String)
[TRACE] [2021-06-04 11:14] <==    Columns: course_id, name, description, start_date, end_date, tutor_id
[TRACE] [2021-06-04 11:14] <==        Row: 1, Quickstart Core Java, Core Java Programming, 2013-04-01, 2013-05-15, 1
[TRACE] [2021-06-04 11:14] <==        Row: 2, Quickstart JavaEE6, Enterprise App Development using JavaEE6, 2013-04-01, 2013-08-30, 1
[DEBUG] [2021-06-04 11:14] <==      Total: 2
[DEBUG] [2021-06-04 11:14] ==>  Preparing: select course_id, name, description, start_date, end_date, tutor_id from courses WHERE end_date <= ?
[DEBUG] [2021-06-04 11:14] ==> Parameters: 2021-06-04 11:14:06.322(Timestamp)
[TRACE] [2021-06-04 11:14] <==    Columns: course_id, name, description, start_date, end_date, tutor_id
[TRACE] [2021-06-04 11:14] <==        Row: 1, Quickstart Core Java, Core Java Programming, 2013-04-01, 2013-05-15, 1
[TRACE] [2021-06-04 11:14] <==        Row: 2, Quickstart JavaEE6, Enterprise App Development using JavaEE6, 2013-04-01, 2013-08-30, 1
[TRACE] [2021-06-04 11:14] <==        Row: 3, MyBatis3 Premier, MyBatis 3 framework, 2013-06-01, 2013-07-15, 2
[DEBUG] [2021-06-04 11:14] <==      Total: 3
[DEBUG] [2021-06-04 11:14] test06SelectTrimCourses()
[DEBUG] [2021-06-04 11:14] ==>  Preparing: select course_id, name, description, start_date, end_date, tutor_id from courses
[DEBUG] [2021-06-04 11:14] ==> Parameters: 
[TRACE] [2021-06-04 11:14] <==    Columns: course_id, name, description, start_date, end_date, tutor_id
[TRACE] [2021-06-04 11:14] <==        Row: 1, Quickstart Core Java, Core Java Programming, 2013-04-01, 2013-05-15, 1
[TRACE] [2021-06-04 11:14] <==        Row: 2, Quickstart JavaEE6, Enterprise App Development using JavaEE6, 2013-04-01, 2013-08-30, 1
[TRACE] [2021-06-04 11:14] <==        Row: 3, MyBatis3 Premier, MyBatis 3 framework, 2013-06-01, 2013-07-15, 2
[DEBUG] [2021-06-04 11:14] <==      Total: 3
[DEBUG] [2021-06-04 11:14] ==>  Preparing: select course_id, name, description, start_date, end_date, tutor_id from courses where tutor_id = ?
[DEBUG] [2021-06-04 11:14] ==> Parameters: 1(Integer)
[TRACE] [2021-06-04 11:14] <==    Columns: course_id, name, description, start_date, end_date, tutor_id
[TRACE] [2021-06-04 11:14] <==        Row: 1, Quickstart Core Java, Core Java Programming, 2013-04-01, 2013-05-15, 1
[TRACE] [2021-06-04 11:14] <==        Row: 2, Quickstart JavaEE6, Enterprise App Development using JavaEE6, 2013-04-01, 2013-08-30, 1
[DEBUG] [2021-06-04 11:14] <==      Total: 2
[DEBUG] [2021-06-04 11:14] ==>  Preparing: select course_id, name, description, start_date, end_date, tutor_id from courses where name like ?
[DEBUG] [2021-06-04 11:14] ==> Parameters: %java%(String)
[TRACE] [2021-06-04 11:14] <==    Columns: course_id, name, description, start_date, end_date, tutor_id
[TRACE] [2021-06-04 11:14] <==        Row: 1, Quickstart Core Java, Core Java Programming, 2013-04-01, 2013-05-15, 1
[TRACE] [2021-06-04 11:14] <==        Row: 2, Quickstart JavaEE6, Enterprise App Development using JavaEE6, 2013-04-01, 2013-08-30, 1
[DEBUG] [2021-06-04 11:14] <==      Total: 2
[DEBUG] [2021-06-04 11:14] ==>  Preparing: select course_id, name, description, start_date, end_date, tutor_id from courses where tutor_id = ?
[DEBUG] [2021-06-04 11:14] ==> Parameters: 1(Integer)
[TRACE] [2021-06-04 11:14] <==    Columns: course_id, name, description, start_date, end_date, tutor_id
[TRACE] [2021-06-04 11:14] <==        Row: 1, Quickstart Core Java, Core Java Programming, 2013-04-01, 2013-05-15, 1
[TRACE] [2021-06-04 11:14] <==        Row: 2, Quickstart JavaEE6, Enterprise App Development using JavaEE6, 2013-04-01, 2013-08-30, 1
[DEBUG] [2021-06-04 11:14] <==      Total: 2
[DEBUG] [2021-06-04 11:14] ==>  Preparing: select course_id, name, description, start_date, end_date, tutor_id from courses where tutor_id = ? and name like ?
[DEBUG] [2021-06-04 11:14] ==> Parameters: 1(Integer), %core%(String)
[TRACE] [2021-06-04 11:14] <==    Columns: course_id, name, description, start_date, end_date, tutor_id
[TRACE] [2021-06-04 11:14] <==        Row: 1, Quickstart Core Java, Core Java Programming, 2013-04-01, 2013-05-15, 1
[DEBUG] [2021-06-04 11:14] <==      Total: 1
[DEBUG] [2021-06-04 11:14] test07SelectCoursesForeachByTutors()
[DEBUG] [2021-06-04 11:14] ==>  Preparing: select course_id, name, description, start_date, end_date, tutor_id from courses WHERE tutor_id in ( ? , ? )
[DEBUG] [2021-06-04 11:14] ==> Parameters: 1(Integer), 2(Integer)
[TRACE] [2021-06-04 11:14] <==    Columns: course_id, name, description, start_date, end_date, tutor_id
[TRACE] [2021-06-04 11:14] <==        Row: 1, Quickstart Core Java, Core Java Programming, 2013-04-01, 2013-05-15, 1
[TRACE] [2021-06-04 11:14] <==        Row: 2, Quickstart JavaEE6, Enterprise App Development using JavaEE6, 2013-04-01, 2013-08-30, 1
[TRACE] [2021-06-04 11:14] <==        Row: 3, MyBatis3 Premier, MyBatis 3 framework, 2013-06-01, 2013-07-15, 2
[DEBUG] [2021-06-04 11:14] <==      Total: 3
[DEBUG] [2021-06-04 11:14] test08InsertCourses()
[DEBUG] [2021-06-04 11:14] ==>  Preparing: insert into courses(course_id, name, description, start_date, end_date, tutor_id) values (?, ?, ?, ?, ?, ?) , (?, ?, ?, ?, ?, ?) , (?, ?, ?, ?, ?, ?)
[DEBUG] [2021-06-04 11:14] ==> Parameters: 4(Integer), mysql(String), database(String), 2021-06-04 11:14:06.355(Timestamp), 2021-06-04 11:14:06.355(Timestamp), 3(Integer), 5(Integer), mysql2(String), database2(String), 2021-06-04 11:14:06.355(Timestamp), 2021-06-04 11:14:06.355(Timestamp), 3(Integer), 6(Integer), mariaDb(String), database(String), 2021-06-04 11:14:06.355(Timestamp), 2021-06-04 11:14:06.355(Timestamp), 4(Integer)
[DEBUG] [2021-06-04 11:14] <==    Updates: 3
[DEBUG] [2021-06-04 11:14] test09DeleteCourses()
[DEBUG] [2021-06-04 11:14] ==>  Preparing: delete from courses WHERE course_id in ( ? , ? , ? )
[DEBUG] [2021-06-04 11:14] ==> Parameters: 4(Integer), 5(Integer), 6(Integer)
[DEBUG] [2021-06-04 11:14] <==    Updates: 3
[DEBUG] [2021-06-04 11:14] test10UpdateSetCourse()
[DEBUG] [2021-06-04 11:14] ==>  Preparing: update courses SET name=?, description=?, start_date=?, end_date=? WHERE course_id = ?
[DEBUG] [2021-06-04 11:14] ==> Parameters: test(String), test description(String), 2021-06-04 11:14:06.373(Timestamp), 2021-06-04 11:14:06.373(Timestamp), 1(Integer)
[DEBUG] [2021-06-04 11:14] <==    Updates: 1
[DEBUG] [2021-06-04 11:14] ==>  Preparing: update courses SET name=?, description=?, start_date=?, end_date=? WHERE course_id = ?
[DEBUG] [2021-06-04 11:14] ==> Parameters: Quickstart Core Java(String), Core Java Programming(String), 2013-04-01 00:00:00.0(Timestamp), 2013-05-15 00:00:00.0(Timestamp), 1(Integer)
[DEBUG] [2021-06-04 11:14] <==    Updates: 1
[DEBUG] [2021-06-04 11:14] test11InsertCourseAndDeleteCourse()
[DEBUG] [2021-06-04 11:14] ==>  Preparing: insert into courses(course_id, name, description, start_date, end_date, tutor_id) values (?, ?, ?, ?, ?, ?)
[DEBUG] [2021-06-04 11:14] ==> Parameters: 7(Integer), oracle(String), database(String), 2021-06-04 11:14:06.394(Timestamp), 2021-06-04 11:14:06.394(Timestamp), 4(Integer)
[DEBUG] [2021-06-04 11:14] <==    Updates: 1
[DEBUG] [2021-06-04 11:14] ==>  Preparing: select course_id, name, description, start_date, end_date, tutor_id from courses WHERE tutor_id = ?
[DEBUG] [2021-06-04 11:14] ==> Parameters: 4(Integer)
[TRACE] [2021-06-04 11:14] <==    Columns: course_id, name, description, start_date, end_date, tutor_id
[TRACE] [2021-06-04 11:14] <==        Row: 7, oracle, database, 2021-06-04, 2021-06-04, 4
[DEBUG] [2021-06-04 11:14] <==      Total: 1
[DEBUG] [2021-06-04 11:14] ==>  Preparing: delete from courses where course_id=?
[DEBUG] [2021-06-04 11:14] ==> Parameters: 7(Integer)
[DEBUG] [2021-06-04 11:14] <==    Updates: 1
[DEBUG] [2021-06-04 11:14] test01GetCourseCountByTutor3()
[DEBUG] [2021-06-04 11:14] ==>  Preparing: { call course_total(?) }
[DEBUG] [2021-06-04 11:14] ==> Parameters: 1(Integer)
[TRACE] [2021-06-04 11:14] <==    Columns: tutor, total
[TRACE] [2021-06-04 11:14] <==        Row: John, 2
[DEBUG] [2021-06-04 11:14] <==      Total: 1
[DEBUG] [2021-06-04 11:14] <==    Updates: 0
[DEBUG] [2021-06-04 11:14] CourseStat [tutor=John, total=2]
[DEBUG] [2021-06-04 11:14] test02GetCourseCount()
[DEBUG] [2021-06-04 11:14] ==>  Preparing: { call course_total_group }
[DEBUG] [2021-06-04 11:14] ==> Parameters: 
[TRACE] [2021-06-04 11:14] <==    Columns: tutor, total
[TRACE] [2021-06-04 11:14] <==        Row: John, 2
[TRACE] [2021-06-04 11:14] <==        Row: Ken, 1
[TRACE] [2021-06-04 11:14] <==        Row: Paul, 0
[TRACE] [2021-06-04 11:14] <==        Row: Mike, 0
[DEBUG] [2021-06-04 11:14] <==      Total: 4
[DEBUG] [2021-06-04 11:14] <==    Updates: 0
[DEBUG] [2021-06-04 11:14] test01SelectStudentById()
[DEBUG] [2021-06-04 11:14] ==>  Preparing: select stud_id, name, email, dob, phone, gender from students WHERE stud_id = ?
[DEBUG] [2021-06-04 11:14] ==> Parameters: 1(Integer)
[TRACE] [2021-06-04 11:14] <==    Columns: stud_id, name, email, dob, phone, gender
[TRACE] [2021-06-04 11:14] <==        Row: 1, Timothy, timothy@gmail.com, 1988-05-25, 123-123-1234, null
[DEBUG] [2021-06-04 11:14] <==      Total: 1
[DEBUG] [2021-06-04 11:14] Student [studId=1, name=Timothy, email=timothy@gmail.com, phone=123-123-1234, dob=Wed May 25 00:00:00 KDT 1988, address=null, gender=¾øÀ½]
[DEBUG] [2021-06-04 11:14] test02SelectStudentByIdWithResultMap()
[DEBUG] [2021-06-04 11:14] ==>  Preparing: select stud_id, name, email, dob , substring(phone, 1, 3) as f , substring(phone, 5, 3) as m , substring(phone, 9, 4) as l from students where stud_id = ?
[DEBUG] [2021-06-04 11:14] ==> Parameters: 1(Integer)
[TRACE] [2021-06-04 11:14] <==    Columns: stud_id, name, email, dob, f, m, l
[TRACE] [2021-06-04 11:14] <==        Row: 1, Timothy, timothy@gmail.com, 1988-05-25, 123, 123, 1234
[DEBUG] [2021-06-04 11:14] <==      Total: 1
[DEBUG] [2021-06-04 11:14] Student [studId=1, name=Timothy, email=timothy@gmail.com, phone=123-123-1234, dob=Wed May 25 00:00:00 KDT 1988, address=null, gender=¾øÀ½]
[DEBUG] [2021-06-04 11:14] test03SelectStudentByAll()
[DEBUG] [2021-06-04 11:14] ==>  Preparing: select stud_id, name, email, dob, phone, gender from students
[DEBUG] [2021-06-04 11:14] ==> Parameters: 
[TRACE] [2021-06-04 11:14] <==    Columns: stud_id, name, email, dob, phone, gender
[TRACE] [2021-06-04 11:14] <==        Row: 1, Timothy, timothy@gmail.com, 1988-05-25, 123-123-1234, null
[TRACE] [2021-06-04 11:14] <==        Row: 2, Douglas, douglas@gmail.com, 1990-08-15, 789-456-1234, null
[DEBUG] [2021-06-04 11:14] <==      Total: 2
[DEBUG] [2021-06-04 11:14] Student [studId=1, name=Timothy, email=timothy@gmail.com, phone=123-123-1234, dob=Wed May 25 00:00:00 KDT 1988, address=null, gender=¾øÀ½]
[DEBUG] [2021-06-04 11:14] Student [studId=2, name=Douglas, email=douglas@gmail.com, phone=789-456-1234, dob=Wed Aug 15 00:00:00 KST 1990, address=null, gender=¾øÀ½]
[DEBUG] [2021-06-04 11:14] test04InsertStudent()
[DEBUG] [2021-06-04 11:14] ==>  Preparing: insert into students(stud_id, name, email, phone, dob) values(?, ?, ?, ?, ?)
[DEBUG] [2021-06-04 11:14] ==> Parameters: 3(Integer), È«±æµ¿3(String), lee@test.co.kr(String), 010-1234-1234(String), 1990-03-28 11:14:06.483(Timestamp)
[DEBUG] [2021-06-04 11:14] <==    Updates: 1
[DEBUG] [2021-06-04 11:14] test05DeleteStudent()
[DEBUG] [2021-06-04 11:14] ==>  Preparing: delete from students WHERE stud_id = ?
[DEBUG] [2021-06-04 11:14] ==> Parameters: 3(Integer)
[DEBUG] [2021-06-04 11:14] <==    Updates: 1
[DEBUG] [2021-06-04 11:14] test06UpdateStudent()
[DEBUG] [2021-06-04 11:14] ==>  Preparing: update students set name=?, email=?, phone=?, dob=? WHERE stud_id = ?
[DEBUG] [2021-06-04 11:14] ==> Parameters: Timothy(String), test@test.co.kr(String), 987-654-1234(String), 2021-06-04 11:14:06.499(Timestamp), 1(Integer)
[DEBUG] [2021-06-04 11:14] <==    Updates: 1
[DEBUG] [2021-06-04 11:14] ==>  Preparing: update students set name=?, email=?, phone=?, dob=? WHERE stud_id = ?
[DEBUG] [2021-06-04 11:14] ==> Parameters: Timothy(String), timothy@gmail.com(String), 123-123-1234(String), 1988-05-25 00:00:00.0(Timestamp), 1(Integer)
[DEBUG] [2021-06-04 11:14] <==    Updates: 1
[DEBUG] [2021-06-04 11:14] test07SelectStudentByAllForHashMap()
[DEBUG] [2021-06-04 11:14] ==>  Preparing: select stud_id, name, email, dob, phone, gender from students
[DEBUG] [2021-06-04 11:14] ==> Parameters: 
[TRACE] [2021-06-04 11:14] <==    Columns: stud_id, name, email, dob, phone, gender
[TRACE] [2021-06-04 11:14] <==        Row: 1, Timothy, timothy@gmail.com, 1988-05-25, 123-123-1234, null
[TRACE] [2021-06-04 11:14] <==        Row: 2, Douglas, douglas@gmail.com, 1990-08-15, 789-456-1234, null
[DEBUG] [2021-06-04 11:14] <==      Total: 2
[DEBUG] [2021-06-04 11:14] stud_id -> 1
[DEBUG] [2021-06-04 11:14] phone -> 123-123-1234
[DEBUG] [2021-06-04 11:14] dob -> 1988-05-25
[DEBUG] [2021-06-04 11:14] name -> Timothy
[DEBUG] [2021-06-04 11:14] email -> timothy@gmail.com
[DEBUG] [2021-06-04 11:14] stud_id -> 2
[DEBUG] [2021-06-04 11:14] phone -> 789-456-1234
[DEBUG] [2021-06-04 11:14] dob -> 1990-08-15
[DEBUG] [2021-06-04 11:14] name -> Douglas
[DEBUG] [2021-06-04 11:14] email -> douglas@gmail.com
[DEBUG] [2021-06-04 11:14] test08SelectStudentByNoAssociation()
[DEBUG] [2021-06-04 11:14] ==>  Preparing: select stud_id, name, email, dob, phone, a.addr_id, street, city, state, zip, country from students s join addresses a on s.addr_id = a.addr_id where stud_id = ?
[DEBUG] [2021-06-04 11:14] ==> Parameters: 1(Integer)
[TRACE] [2021-06-04 11:14] <==    Columns: stud_id, name, email, dob, phone, addr_id, street, city, state, zip, country
[TRACE] [2021-06-04 11:14] <==        Row: 1, Timothy, timothy@gmail.com, 1988-05-25, 123-123-1234, 3, 710 N Cable Rd, Lima, OH, 45825, Allen
[DEBUG] [2021-06-04 11:14] <==      Total: 1
[DEBUG] [2021-06-04 11:14] Student [studId=1, name=Timothy, email=timothy@gmail.com, phone=123-123-1234, dob=Wed May 25 00:00:00 KDT 1988, address=Address [3, 710 N Cable Rd, Lima, OH, 45825, Allen], gender=¾øÀ½]
[DEBUG] [2021-06-04 11:14] test09InsertEnumStudent()
[DEBUG] [2021-06-04 11:14] ==>  Preparing: insert into students(stud_id, name, email, phone, dob, gender) values(?, ?, ?, ?, ?, ?)
[DEBUG] [2021-06-04 11:14] ==> Parameters: 3(Integer), test(String), test@test.co.kr(String), 010-1234-1234(String), 1990-03-28 11:14:06.525(Timestamp), 0(Integer)
[DEBUG] [2021-06-04 11:14] <==    Updates: 1
[DEBUG] [2021-06-04 11:14] ==>  Preparing: insert into students(stud_id, name, email, phone, dob, gender) values(?, ?, ?, ?, ?, ?)
[DEBUG] [2021-06-04 11:14] ==> Parameters: 4(Integer), test4(String), test4@test.co.kr(String), 010-1234-1234(String), 1990-03-28 11:14:06.525(Timestamp), 1(Integer)
[DEBUG] [2021-06-04 11:14] <==    Updates: 1
[DEBUG] [2021-06-04 11:14] ==>  Preparing: delete from students WHERE stud_id = ?
[DEBUG] [2021-06-04 11:14] ==> Parameters: 3(Integer)
[DEBUG] [2021-06-04 11:14] <==    Updates: 1
[DEBUG] [2021-06-04 11:14] ==>  Preparing: delete from students WHERE stud_id = ?
[DEBUG] [2021-06-04 11:14] ==> Parameters: 4(Integer)
[DEBUG] [2021-06-04 11:14] <==    Updates: 1
[DEBUG] [2021-06-04 11:14] test10SelectStudentByMap()
[DEBUG] [2021-06-04 11:14] ==>  Preparing: select stud_id, name, email, dob, phone, gender from students WHERE name = ? and email = ?
[DEBUG] [2021-06-04 11:14] ==> Parameters: Timothy(String), timothy@gmail.com(String)
[TRACE] [2021-06-04 11:14] <==    Columns: stud_id, name, email, dob, phone, gender
[TRACE] [2021-06-04 11:14] <==        Row: 1, Timothy, timothy@gmail.com, 1988-05-25, 123-123-1234, null
[DEBUG] [2021-06-04 11:14] <==      Total: 1
[DEBUG] [2021-06-04 11:14] Student [studId=1, name=Timothy, email=timothy@gmail.com, phone=123-123-1234, dob=Wed May 25 00:00:00 KDT 1988, address=null, gender=¾øÀ½]
[DEBUG] [2021-06-04 11:14] ==>  Preparing: select stud_id, name, email, dob, phone, gender from students WHERE name = ?
[DEBUG] [2021-06-04 11:14] ==> Parameters: Timothy(String)
[TRACE] [2021-06-04 11:14] <==    Columns: stud_id, name, email, dob, phone, gender
[TRACE] [2021-06-04 11:14] <==        Row: 1, Timothy, timothy@gmail.com, 1988-05-25, 123-123-1234, null
[DEBUG] [2021-06-04 11:14] <==      Total: 1
[DEBUG] [2021-06-04 11:14] Student [studId=1, name=Timothy, email=timothy@gmail.com, phone=123-123-1234, dob=Wed May 25 00:00:00 KDT 1988, address=null, gender=¾øÀ½]
[DEBUG] [2021-06-04 11:14] ==>  Preparing: select stud_id, name, email, dob, phone, gender from students WHERE email = ?
[DEBUG] [2021-06-04 11:14] ==> Parameters: timothy@gmail.com(String)
[TRACE] [2021-06-04 11:14] <==    Columns: stud_id, name, email, dob, phone, gender
[TRACE] [2021-06-04 11:14] <==        Row: 1, Timothy, timothy@gmail.com, 1988-05-25, 123-123-1234, null
[DEBUG] [2021-06-04 11:14] <==      Total: 1
[DEBUG] [2021-06-04 11:14] Student [studId=1, name=Timothy, email=timothy@gmail.com, phone=123-123-1234, dob=Wed May 25 00:00:00 KDT 1988, address=null, gender=¾øÀ½]
[DEBUG] [2021-06-04 11:14] test11SelectAllStudentByMap()
[DEBUG] [2021-06-04 11:14] ==>  Preparing: select stud_id, name, email, dob, phone, gender from students WHERE name = ? and email = ?
[DEBUG] [2021-06-04 11:14] ==> Parameters: Timothy(String), timothy@gmail.com(String)
[TRACE] [2021-06-04 11:14] <==    Columns: stud_id, name, email, dob, phone, gender
[TRACE] [2021-06-04 11:14] <==        Row: 1, Timothy, timothy@gmail.com, 1988-05-25, 123-123-1234, null
[DEBUG] [2021-06-04 11:14] <==      Total: 1
[DEBUG] [2021-06-04 11:14] ==>  Preparing: select stud_id, name, email, dob, phone, gender from students WHERE name = ?
[DEBUG] [2021-06-04 11:14] ==> Parameters: Timothy(String)
[TRACE] [2021-06-04 11:14] <==    Columns: stud_id, name, email, dob, phone, gender
[TRACE] [2021-06-04 11:14] <==        Row: 1, Timothy, timothy@gmail.com, 1988-05-25, 123-123-1234, null
[DEBUG] [2021-06-04 11:14] <==      Total: 1
[DEBUG] [2021-06-04 11:14] ==>  Preparing: select stud_id, name, email, dob, phone, gender from students WHERE email = ?
[DEBUG] [2021-06-04 11:14] ==> Parameters: timothy@gmail.com(String)
[TRACE] [2021-06-04 11:14] <==    Columns: stud_id, name, email, dob, phone, gender
[TRACE] [2021-06-04 11:14] <==        Row: 1, Timothy, timothy@gmail.com, 1988-05-25, 123-123-1234, null
[DEBUG] [2021-06-04 11:14] <==      Total: 1
[DEBUG] [2021-06-04 11:14] ==>  Preparing: select stud_id, name, email, dob, phone, gender from students
[DEBUG] [2021-06-04 11:14] ==> Parameters: 
[TRACE] [2021-06-04 11:14] <==    Columns: stud_id, name, email, dob, phone, gender
[TRACE] [2021-06-04 11:14] <==        Row: 1, Timothy, timothy@gmail.com, 1988-05-25, 123-123-1234, null
[TRACE] [2021-06-04 11:14] <==        Row: 2, Douglas, douglas@gmail.com, 1990-08-15, 789-456-1234, null
[DEBUG] [2021-06-04 11:14] <==      Total: 2
[DEBUG] [2021-06-04 11:14] test12UpdateSetStudent()
[DEBUG] [2021-06-04 11:14] ==>  Preparing: update students SET phone=?, dob=? WHERE stud_id = ?
[DEBUG] [2021-06-04 11:14] ==> Parameters: 987-654-3211(String), 2021-06-04 11:14:06.566(Timestamp), 1(Integer)
[DEBUG] [2021-06-04 11:14] <==    Updates: 1
[DEBUG] [2021-06-04 11:14] ==>  Preparing: update students SET phone=?, dob=? WHERE stud_id = ?
[DEBUG] [2021-06-04 11:14] ==> Parameters: 123-123-1234(String), 1988-05-25 00:00:00.0(Timestamp), 1(Integer)
[DEBUG] [2021-06-04 11:14] <==    Updates: 1
[DEBUG] [2021-06-04 11:14] test01SelectTutorByTutorId()
[DEBUG] [2021-06-04 11:14] ==>  Preparing: select t.tutor_id , t.name as tutor_name , email , c.course_id , c.name , description , start_date , end_date from tutors t left join courses c on t.tutor_id = c.tutor_id where t.tutor_id = ?;
[DEBUG] [2021-06-04 11:14] ==> Parameters: 2(Integer)
[TRACE] [2021-06-04 11:14] <==    Columns: tutor_id, tutor_name, email, course_id, name, description, start_date, end_date
[TRACE] [2021-06-04 11:14] <==        Row: 2, Ken, ken@gmail.com, 3, MyBatis3 Premier, MyBatis 3 framework, 2013-06-01, 2013-07-15
[DEBUG] [2021-06-04 11:14] <==      Total: 1
[TRACE] [2021-06-04 11:14] 2 : Ken
[DEBUG] [2021-06-04 11:14] Tutor [2, Ken, ken@gmail.com, null, [Course [3, MyBatis3 Premier, MyBatis 3 framework, Sat Jun 01 00:00:00 KST 2013, Mon Jul 15 00:00:00 KST 2013, 2]], null]
[DEBUG] [2021-06-04 11:14] Course [3, MyBatis3 Premier, MyBatis 3 framework, Sat Jun 01 00:00:00 KST 2013, Mon Jul 15 00:00:00 KST 2013, 2]
[DEBUG] [2021-06-04 11:14] test02InsertTutorAndDeleteTutor()
[DEBUG] [2021-06-04 11:14] ==>  Preparing: insert into tutors(tutor_id, name, email, phone, addr_id) values (?, ?, ?, ?, ?)
[DEBUG] [2021-06-04 11:14] ==> Parameters: 5(Integer), mskim(String), net94@naver.com(String), 010-2222-2222(String), 2(Integer)
[DEBUG] [2021-06-04 11:14] <==    Updates: 1
[DEBUG] [2021-06-04 11:14] ==>  Preparing: select t.tutor_id , t.name as tutor_name , email , c.course_id , c.name , description , start_date , end_date from tutors t left join courses c on t.tutor_id = c.tutor_id where t.tutor_id = ?;
[DEBUG] [2021-06-04 11:14] ==> Parameters: 5(Integer)
[TRACE] [2021-06-04 11:14] <==    Columns: tutor_id, tutor_name, email, course_id, name, description, start_date, end_date
[TRACE] [2021-06-04 11:14] <==        Row: 5, mskim, net94@naver.com, null, null, null, null, null
[DEBUG] [2021-06-04 11:14] <==      Total: 1
[DEBUG] [2021-06-04 11:14] Tutor [5, mskim, net94@naver.com, null, [Course [0, null, null, null, null, 5]], null]
[DEBUG] [2021-06-04 11:14] ==>  Preparing: delete from tutors where tutor_id = ?
[DEBUG] [2021-06-04 11:14] ==> Parameters: 5(Integer)
[DEBUG] [2021-06-04 11:14] <==    Updates: 1
[DEBUG] [2021-06-04 11:14] test03InsertTutor()
[DEBUG] [2021-06-04 11:14] ==>  Preparing: insert into tutors(tutor_id, name, email, phone, addr_id) values (?, ?, ?, ?, ?)
[DEBUG] [2021-06-04 11:14] ==> Parameters: 5(Integer), mskim(String), net94@naver.com(String), 010-2222-2222(String), 2(Integer)
[DEBUG] [2021-06-04 11:14] <==    Updates: 1
[DEBUG] [2021-06-04 11:14] test04selectTutorByTutorId()
[DEBUG] [2021-06-04 11:14] ==>  Preparing: select tutor_id, name, email, phone, addr_id from tutors where tutor_id = ?
[DEBUG] [2021-06-04 11:14] ==> Parameters: 5(Integer)
[TRACE] [2021-06-04 11:14] <==    Columns: tutor_id, name, email, phone, addr_id
[TRACE] [2021-06-04 11:14] <==        Row: 5, mskim, net94@naver.com, 010-2222-2222, 2
[DEBUG] [2021-06-04 11:14] <==      Total: 1
[DEBUG] [2021-06-04 11:14] Tutor [5, mskim, net94@naver.com, Address [2, null, null, null, null, null], null, 010-2222-2222]
[DEBUG] [2021-06-04 11:14] test05DeleteTutor()
[DEBUG] [2021-06-04 11:14] ==>  Preparing: delete from tutors where tutor_id = ?
[DEBUG] [2021-06-04 11:14] ==> Parameters: 5(Integer)
[DEBUG] [2021-06-04 11:14] <==    Updates: 1
[DEBUG] [2021-06-04 11:14] test01InsertUserPic()
[DEBUG] [2021-06-04 11:14] ==>  Preparing: insert into user_pics(id, name, pic, bio) values (?, ?, ?, ?)
[DEBUG] [2021-06-04 11:14] ==> Parameters: 2(Integer), MoonAndRiver(String), [B@6c077d6e(byte[]), put some lengthy bio here(String)
[DEBUG] [2021-06-04 11:14] <==    Updates: 1
[DEBUG] [2021-06-04 11:14] test02GetUserPic()
[DEBUG] [2021-06-04 11:14] ==>  Preparing: select id, name, pic, bio from user_pics where id = ?
[DEBUG] [2021-06-04 11:14] ==> Parameters: 2(Integer)
[TRACE] [2021-06-04 11:14] <==    Columns: id, name, pic, bio
[TRACE] [2021-06-04 11:14] <==        Row: 2, MoonAndRiver, <<BLOB>>, <<BLOB>>
[DEBUG] [2021-06-04 11:14] <==      Total: 1
[DEBUG] [2021-06-04 11:14] file path C:\workspace_web\spring5_mybatis_study\pics\MoonAndRiver.jpg
[DEBUG] [2021-06-04 11:14] test03DeleteUserPic()
[DEBUG] [2021-06-04 11:14] ==>  Preparing: delete from user_pics where id = ?
[DEBUG] [2021-06-04 11:14] ==> Parameters: 2(Integer)
[DEBUG] [2021-06-04 11:14] <==    Updates: 1
[DEBUG] [2021-06-04 11:14] testSelectStudentForMap()
[DEBUG] [2021-06-04 11:14] ==>  Preparing: select stud_id, name, email, dob, phone, gender from students WHERE stud_id = ?
[DEBUG] [2021-06-04 11:14] ==> Parameters: 1(Integer)
[TRACE] [2021-06-04 11:14] <==    Columns: stud_id, name, email, dob, phone, gender
[TRACE] [2021-06-04 11:14] <==        Row: 1, Timothy, timothy@gmail.com, 1988-05-25, 123-123-1234, null
[DEBUG] [2021-06-04 11:14] <==      Total: 1
[DEBUG] [2021-06-04 11:14] testSelectStudentForMap2()
[DEBUG] [2021-06-04 11:14] ==>  Preparing: select stud_id, name, email, dob, phone, gender from students WHERE stud_id = ?
[DEBUG] [2021-06-04 11:14] ==> Parameters: 1(Integer)
[TRACE] [2021-06-04 11:14] <==    Columns: stud_id, name, email, dob, phone, gender
[TRACE] [2021-06-04 11:14] <==        Row: 1, Timothy, timothy@gmail.com, 1988-05-25, 123-123-1234, null
[DEBUG] [2021-06-04 11:14] <==      Total: 1
[DEBUG] [2021-06-04 11:14] testSelectStudentForMap3()
[DEBUG] [2021-06-04 11:14] ==>  Preparing: select stud_id, name, email, dob, phone, gender from students
[DEBUG] [2021-06-04 11:14] ==> Parameters: 
[TRACE] [2021-06-04 11:14] <==    Columns: stud_id, name, email, dob, phone, gender
[TRACE] [2021-06-04 11:14] <==        Row: 1, Timothy, timothy@gmail.com, 1988-05-25, 123-123-1234, null
[TRACE] [2021-06-04 11:14] <==        Row: 2, Douglas, douglas@gmail.com, 1990-08-15, 789-456-1234, null
[DEBUG] [2021-06-04 11:14] <==      Total: 2
[DEBUG] [2021-06-04 11:14] test01TrJoinTutorAndCourse_FailTutor()
[DEBUG] [2021-06-04 11:14] ==>  Preparing: insert into tutors(tutor_id, name, email, phone, addr_id) values (?, ?, ?, ?, ?)
[DEBUG] [2021-06-04 11:14] ==> Parameters: 1(Integer), mskim(String), net94@naver.com(String), 010-2222-2222(String), 2(Integer)
[DEBUG] [2021-06-04 11:14] test02TrJoinTutorAndCourse_FailCourse()
[DEBUG] [2021-06-04 11:14] ==>  Preparing: insert into tutors(tutor_id, name, email, phone, addr_id) values (?, ?, ?, ?, ?)
[DEBUG] [2021-06-04 11:14] ==> Parameters: 5(Integer), mskim(String), net94@naver.com(String), 010-2222-2222(String), 2(Integer)
[DEBUG] [2021-06-04 11:14] <==    Updates: 1
[DEBUG] [2021-06-04 11:14] ==>  Preparing: insert into courses(course_id, name, description, start_date, end_date, tutor_id) values (?, ?, ?, ?, ?, ?)
[DEBUG] [2021-06-04 11:14] ==> Parameters: 2(Integer), python(String), Programming(String), 2021-06-04 11:14:06.753(Timestamp), 2021-06-04 11:14:06.753(Timestamp), 100(Integer)
[DEBUG] [2021-06-04 11:14] test03TrJoinTutorAndCourse_Success()
[DEBUG] [2021-06-04 11:14] ==>  Preparing: insert into tutors(tutor_id, name, email, phone, addr_id) values (?, ?, ?, ?, ?)
[DEBUG] [2021-06-04 11:14] ==> Parameters: 5(Integer), mskim(String), net94@naver.com(String), 010-2222-2222(String), 2(Integer)
[DEBUG] [2021-06-04 11:14] <==    Updates: 1
[DEBUG] [2021-06-04 11:14] ==>  Preparing: insert into courses(course_id, name, description, start_date, end_date, tutor_id) values (?, ?, ?, ?, ?, ?)
[DEBUG] [2021-06-04 11:14] ==> Parameters: 8(Integer), python(String), Programming(String), 2021-06-04 11:14:06.761(Timestamp), 2021-06-04 11:14:06.761(Timestamp), 5(Integer)
[DEBUG] [2021-06-04 11:14] <==    Updates: 1
[DEBUG] [2021-06-04 11:14] test04TrRemoveTutorAndCourse_FailTutor()
[DEBUG] [2021-06-04 11:14] ==>  Preparing: delete from courses where course_id=?
[DEBUG] [2021-06-04 11:14] ==> Parameters: 8(Integer)
[DEBUG] [2021-06-04 11:14] <==    Updates: 1
[DEBUG] [2021-06-04 11:14] ==>  Preparing: delete from tutors where tutor_id = ?
[DEBUG] [2021-06-04 11:14] ==> Parameters: 10(Integer)
[DEBUG] [2021-06-04 11:14] <==    Updates: 0
[DEBUG] [2021-06-04 11:14] test05TrRemoveTutorAndCourse_FailCourse()
[DEBUG] [2021-06-04 11:14] ==>  Preparing: delete from courses where course_id=?
[DEBUG] [2021-06-04 11:14] ==> Parameters: 10(Integer)
[DEBUG] [2021-06-04 11:14] <==    Updates: 0
[DEBUG] [2021-06-04 11:14] ==>  Preparing: delete from tutors where tutor_id = ?
[DEBUG] [2021-06-04 11:14] ==> Parameters: 5(Integer)
[DEBUG] [2021-06-04 11:14] test06TrRemoveTutorAndCourse_Success()
[DEBUG] [2021-06-04 11:14] ==>  Preparing: delete from courses where course_id=?
[DEBUG] [2021-06-04 11:14] ==> Parameters: 8(Integer)
[DEBUG] [2021-06-04 11:14] <==    Updates: 1
[DEBUG] [2021-06-04 11:14] ==>  Preparing: delete from tutors where tutor_id = ?
[DEBUG] [2021-06-04 11:14] ==> Parameters: 5(Integer)
[DEBUG] [2021-06-04 11:14] <==    Updates: 1
